Instance: cassandra Memory: 8348450816
[2023-01-09 13:42:34.295197] app_config inited.
[2023-01-09 13:42:34.295584] 0: carrying out #0 repetition test...
[2023-01-09 13:42:34.295595] 0 - 0: deploying...
[2023-01-09 13:43:03.406155] 0 - 0: done.
[2023-01-09 13:43:03.406195] 0 - 0: resetting ...
[2023-01-09 13:43:07.191821] 0 - 0: done.
[2023-01-09 13:43:15.877743] 0 - 0 - 0: testing...
[2023-01-09 13:44:45.256231] 0 - 0 - 0: done.
[2023-01-09 13:44:53.696757] 0 - 0: cleaning up config...
[2023-01-09 13:44:56.458585] 0 - 0: done.
[2023-01-09 13:44:56.458804] initialize done.
[Environment Intialize]Tps: 18751.171948246767 Lat:1098.0
------------------- Starting to Test -----------------------
action: [ 0.639  0.580  0.784  0.552  0.375  0.681  0.858  0.600  0.871  0.543
  0.147  0.346  0.441  0.187  0.522  0.582  0.248  0.446  0.478  0.888
  0.266  0.465  1.000  0.402  0.424  0.422  0.413  0.698  0.502  0.394
  0.168  0.722  0.463  0.536  0.554  0.629  0.296  0.499  0.595  0.580
  0.704  0.553]
[2023-01-09 13:44:56.473193] app_config generated.
[2023-01-09 13:44:56.473932] 0: carrying out #1 repetition test...
[2023-01-09 13:44:56.473943] 0 - 1: deploying...
[2023-01-09 13:45:26.855328] 0 - 1: done.
[2023-01-09 13:45:26.855413] 0 - 1: setting ...
[2023-01-09 13:45:39.733610] 0 - 1: done.
[2023-01-09 13:45:48.415717] 0 - 1 - 0: testing...
[2023-01-09 13:47:22.828966] 0 - 1 - 0: done.
[2023-01-09 13:47:31.486628] 0 - 1: cleaning up config...
[2023-01-09 13:47:40.109044] 0 - 1: done.
Performance remained!
************train************
current_performance(tps, lat): 16388.60664066341 1354.0
default_performance(tps, lat): 18751.171948246767 1098.0
best_performance(tps, lat):    16388.60664066341 1354.0
*****************************
$$$$$$$$$$$$$$$$$$$$$$
tps_reward: -0.3334344363267416
lat_reward: -0.8392573033141582
reward: -0.6369281565191915
$$$$$$$$$$$$$$$$$$$$$$
action: [ 0.992  0.540  0.480  0.600  0.452  0.983  0.976  0.947  0.540  0.385
  0.418  0.520  0.204  0.340  0.415  0.149  0.279  0.567  0.420  0.825
  0.058  0.460  1.000  0.314  0.307  0.187  0.654  0.633  0.527  0.045
  0.337  1.000  0.152  0.267  0.623  0.644  0.397  0.659  0.850  0.766
  0.478  0.611]
[2023-01-09 13:47:40.128798] app_config generated.
[2023-01-09 13:47:40.129440] 0: carrying out #2 repetition test...
[2023-01-09 13:47:40.129450] 0 - 2: deploying...
[2023-01-09 13:48:09.507624] 0 - 2: done.
[2023-01-09 13:48:09.507671] 0 - 2: setting ...
[2023-01-09 13:48:21.286388] 0 - 2: done.
[2023-01-09 13:48:31.050039] 0 - 2 - 0: testing...
[2023-01-09 13:50:04.607665] 0 - 2 - 0: done.
[2023-01-09 13:50:14.202093] 0 - 2: cleaning up config...
[2023-01-09 13:50:21.800672] 0 - 2: done.
Performance remained!
************train************
current_performance(tps, lat): 16396.130513198885 1244.8
default_performance(tps, lat): 18751.171948246767 1098.0
best_performance(tps, lat):    16396.130513198885 1244.8
*****************************
$$$$$$$$$$$$$$$$$$$$$$
tps_reward: -0.33221728431632686
lat_reward: -0.4227434470230369
reward: -0.3865329819403529
$$$$$$$$$$$$$$$$$$$$$$
action: [ 0.973  0.739  0.768  0.542  0.608  0.752  0.592  1.000  0.750  0.439
  0.678  0.368  0.436  0.519  0.463  0.000  0.526  0.367  0.652  0.660
  0.117  0.623  1.000  0.505  0.397  0.000  0.676  0.684  0.400  0.575
  0.362  0.947  0.099  0.000  0.559  0.257  0.334  0.424  0.705  0.755
  0.625  0.824]
[2023-01-09 13:50:21.818729] app_config generated.
[2023-01-09 13:50:21.819382] 0: carrying out #3 repetition test...
[2023-01-09 13:50:21.819392] 0 - 3: deploying...
[2023-01-09 13:50:53.241730] 0 - 3: done.
[2023-01-09 13:50:53.241796] 0 - 3: setting ...
[2023-01-09 13:51:04.961860] 0 - 3: done.
[2023-01-09 13:51:14.668784] 0 - 3 - 0: testing...
[2023-01-09 13:55:03.274144] 0 - 3 - 0: done.
[2023-01-09 13:55:12.782604] 0 - 3: cleaning up config...
[2023-01-09 13:55:21.418648] 0 - 3: done.
Performance remained!
************train************
current_performance(tps, lat): 6604.845314522734 2329.2
default_performance(tps, lat): 18751.171948246767 1098.0
best_performance(tps, lat):    16396.130513198885 1244.8
*****************************
$$$$$$$$$$$$$$$$$$$$$$
tps_reward: -2.908226663738074
lat_reward: -9.704895673206126
reward: -6.986228069418905
$$$$$$$$$$$$$$$$$$$$$$
action: [ 0.919  0.656  0.809  0.388  0.623  0.468  0.450  0.982  0.834  0.551
  0.845  0.309  0.171  0.523  0.593  0.357  0.525  0.400  0.552  0.848
  0.201  0.351  1.000  0.511  0.004  0.000  0.387  0.691  0.434  0.618
  0.400  0.836  0.000  0.070  0.742  0.891  0.083  0.427  0.334  0.682
  0.587  1.000]
[2023-01-09 13:55:21.437207] app_config generated.
[2023-01-09 13:55:21.437881] 0: carrying out #4 repetition test...
[2023-01-09 13:55:21.437891] 0 - 4: deploying...
[2023-01-09 13:55:52.984442] 0 - 4: done.
[2023-01-09 13:55:52.984491] 0 - 4: setting ...
[2023-01-09 13:56:05.908703] 0 - 4: done.
[2023-01-09 13:56:15.733854] 0 - 4 - 0: testing...
[2023-01-09 14:00:03.443141] 0 - 4 - 0: done.
[2023-01-09 14:00:13.191481] 0 - 4: cleaning up config...
[2023-01-09 14:00:21.884533] 0 - 4: done.
Performance remained!
************train************
current_performance(tps, lat): 6705.379055077983 2274.2
default_performance(tps, lat): 18751.171948246767 1098.0
best_performance(tps, lat):    16396.130513198885 1244.8
*****************************
$$$$$$$$$$$$$$$$$$$$$$
tps_reward: -2.870451372396489
lat_reward: -8.907158654093317
reward: -6.492475741414586
$$$$$$$$$$$$$$$$$$$$$$
action: [ 1.000  0.506  0.562  0.238  0.489  0.277  0.496  0.820  0.600  0.898
  1.000  0.413  0.265  0.494  0.540  0.000  0.738  0.580  0.250  0.742
  0.070  0.185  1.000  0.866  0.498  0.091  0.089  0.659  0.139  0.603
  0.409  1.000  0.000  0.227  0.779  1.000  0.218  0.073  0.405  0.616
  0.571  1.000]
[2023-01-09 14:00:21.902557] app_config generated.
[2023-01-09 14:00:21.903214] 0: carrying out #5 repetition test...
[2023-01-09 14:00:21.903224] 0 - 5: deploying...
[2023-01-09 14:00:53.463608] 0 - 5: done.
[2023-01-09 14:00:53.463650] 0 - 5: setting ...
[2023-01-09 14:01:06.284970] 0 - 5: done.
[2023-01-09 14:01:16.063523] 0 - 5 - 0: testing...
[2023-01-09 14:02:47.403109] 0 - 5 - 0: done.
[2023-01-09 14:02:55.855058] 0 - 5: cleaning up config...
[2023-01-09 14:03:04.459647] 0 - 5: done.
Performance remained!
************train************
current_performance(tps, lat): 16953.17532973926 1381.6
default_performance(tps, lat): 18751.171948246767 1098.0
best_performance(tps, lat):    16953.17532973926 1381.6
*****************************
$$$$$$$$$$$$$$$$$$$$$$
tps_reward: -0.24493333079718085
lat_reward: -0.9593701739227011
reward: -0.673595436672493
$$$$$$$$$$$$$$$$$$$$$$
action: [ 0.880  0.636  0.418  0.134  0.159  0.531  0.624  0.510  0.583  0.962
  1.000  0.500  0.502  0.581  0.702  0.000  0.450  0.609  0.304  0.649
  0.216  0.020  1.000  0.779  0.307  0.178  0.254  0.565  0.097  0.801
  0.601  1.000  0.000  0.407  1.000  1.000  0.552  0.399  0.582  0.614
  0.453  1.000]
[2023-01-09 14:03:04.477993] app_config generated.
[2023-01-09 14:03:04.478656] 0: carrying out #6 repetition test...
[2023-01-09 14:03:04.478666] 0 - 6: deploying...
[2023-01-09 14:03:35.994258] 0 - 6: done.
[2023-01-09 14:03:35.994301] 0 - 6: setting ...
[2023-01-09 14:03:48.849285] 0 - 6: done.
[2023-01-09 14:03:57.551185] 0 - 6 - 0: testing...
[2023-01-09 14:05:26.672978] 0 - 6 - 0: done.
[2023-01-09 14:05:35.154069] 0 - 6: cleaning up config...
[2023-01-09 14:05:43.273447] 0 - 6: done.
Performance remained!
************train************
current_performance(tps, lat): 18744.142455482663 1087.4
default_performance(tps, lat): 18751.171948246767 1098.0
best_performance(tps, lat):    18744.142455482663 1087.4
*****************************
$$$$$$$$$$$$$$$$$$$$$$
tps_reward: -0.0008520677821116537
lat_reward: 0
reward: -0.0003408271128446615
$$$$$$$$$$$$$$$$$$$$$$
action: [ 0.961  0.445  0.396  0.000  0.525  0.359  0.764  0.735  0.484  1.000
  1.000  0.560  0.406  0.816  0.701  0.000  0.371  0.272  0.478  0.741
  0.554  0.119  1.000  0.540  0.000  0.000  0.609  0.580  0.028  0.410
  0.473  0.907  0.000  0.418  1.000  1.000  0.660  0.183  0.634  0.754
  0.537  1.000]
[2023-01-09 14:05:43.292241] app_config generated.
[2023-01-09 14:05:43.292895] 0: carrying out #7 repetition test...
[2023-01-09 14:05:43.292905] 0 - 7: deploying...
[2023-01-09 14:06:13.755215] 0 - 7: done.
[2023-01-09 14:06:13.755266] 0 - 7: setting ...
[2023-01-09 14:06:26.554764] 0 - 7: done.
[2023-01-09 14:06:35.281011] 0 - 7 - 0: testing...
[2023-01-09 14:08:09.628480] 0 - 7 - 0: done.
[2023-01-09 14:08:18.222957] 0 - 7: cleaning up config...
[2023-01-09 14:08:25.778045] 0 - 7: done.
Performance remained!
************train************
current_performance(tps, lat): 16081.824322151106 1326.4
default_performance(tps, lat): 18751.171948246767 1098.0
best_performance(tps, lat):    18744.142455482663 1087.4
*****************************
$$$$$$$$$$$$$$$$$$$$$$
tps_reward: -0.3839420221889733
lat_reward: -0.7252553177296949
reward: -0.5887299995134063
$$$$$$$$$$$$$$$$$$$$$$
action: [ 0.937  0.693  0.328  0.005  0.540  0.299  0.719  0.694  0.329  1.000
  0.909  0.474  0.211  0.632  0.582  0.000  0.377  0.080  0.312  0.625
  0.689  0.394  1.000  0.574  0.065  0.000  0.451  1.000  0.116  0.000
  0.448  0.753  0.000  0.325  1.000  1.000  0.627  0.000  0.723  0.394
  0.551  0.968]
[2023-01-09 14:08:25.796593] app_config generated.
[2023-01-09 14:08:25.797253] 0: carrying out #8 repetition test...
[2023-01-09 14:08:25.797263] 0 - 8: deploying...
[2023-01-09 14:08:54.038011] 0 - 8: done.
[2023-01-09 14:08:54.038052] 0 - 8: setting ...
[2023-01-09 14:09:05.779307] 0 - 8: done.
[2023-01-09 14:09:15.511330] 0 - 8 - 0: testing...
[2023-01-09 14:10:49.849634] 0 - 8 - 0: done.
[2023-01-09 14:10:58.552384] 0 - 8: cleaning up config...
[2023-01-09 14:11:07.472956] 0 - 8: done.
Performance remained!
************train************
current_performance(tps, lat): 17173.868242082848 1210.8
default_performance(tps, lat): 18751.171948246767 1098.0
best_performance(tps, lat):    18744.142455482663 1087.4
*****************************
$$$$$$$$$$$$$$$$$$$$$$
tps_reward: -0.21187977024390983
lat_reward: -0.3113750852092157
reward: -0.27157695922309333
$$$$$$$$$$$$$$$$$$$$$$
action: [ 1.000  0.641  0.413  0.363  0.696  0.597  0.878  0.313  0.519  1.000
  0.621  0.634  0.447  0.487  0.675  0.000  0.388  0.229  0.000  0.791
  0.359  0.325  1.000  0.175  0.165  0.053  0.536  0.886  0.153  0.047
  0.720  0.722  0.000  0.497  1.000  1.000  0.368  0.000  0.483  0.531
  0.114  1.000]
[2023-01-09 14:11:07.491203] app_config generated.
[2023-01-09 14:11:07.491880] 0: carrying out #9 repetition test...
[2023-01-09 14:11:07.491889] 0 - 9: deploying...
[2023-01-09 14:11:39.175234] 0 - 9: done.
[2023-01-09 14:11:39.175292] 0 - 9: setting ...
[2023-01-09 14:11:52.975863] 0 - 9: done.
[2023-01-09 14:12:03.687180] 0 - 9 - 0: testing...
[2023-01-09 14:13:36.889201] 0 - 9 - 0: done.
[2023-01-09 14:13:45.901057] 0 - 9: cleaning up config...
[2023-01-09 14:13:54.568399] 0 - 9: done.
Performance remained!
************train************
current_performance(tps, lat): 16534.391534391536 1224.6
default_performance(tps, lat): 18751.171948246767 1098.0
best_performance(tps, lat):    18744.142455482663 1087.4
*****************************
$$$$$$$$$$$$$$$$$$$$$$
tps_reward: -0.3100330275702946
lat_reward: -0.35556451820000573
reward: -0.33735192194812125
$$$$$$$$$$$$$$$$$$$$$$
action: [ 1.000  0.658  0.354  0.303  0.739  0.652  0.636  0.353  0.471  1.000
  0.883  0.571  0.151  0.566  0.732  0.000  0.384  0.353  0.000  0.883
  0.604  0.496  1.000  0.292  0.069  0.000  0.344  0.677  0.106  0.426
  0.876  0.931  0.000  0.609  1.000  0.989  0.661  0.000  0.903  0.368
  0.000  0.786]
[2023-01-09 14:13:54.586840] app_config generated.
[2023-01-09 14:13:54.587524] 0: carrying out #10 repetition test...
[2023-01-09 14:13:54.587534] 0 - 10: deploying...
[2023-01-09 14:14:26.156249] 0 - 10: done.
[2023-01-09 14:14:26.156296] 0 - 10: setting ...
[2023-01-09 14:14:40.166481] 0 - 10: done.
[2023-01-09 14:14:49.927206] 0 - 10 - 0: testing...
[2023-01-09 14:16:23.105111] 0 - 10 - 0: done.
[2023-01-09 14:16:31.642867] 0 - 10: cleaning up config...
[2023-01-09 14:16:39.296340] 0 - 10: done.
Performance remained!
************train************
current_performance(tps, lat): 17060.188344479324 1164.6
default_performance(tps, lat): 18751.171948246767 1098.0
best_performance(tps, lat):    18744.142455482663 1087.4
*****************************
$$$$$$$$$$$$$$$$$$$$$$
tps_reward: -0.22879863351605756
lat_reward: -0.17329053057933724
reward: -0.19549377175402538
$$$$$$$$$$$$$$$$$$$$$$
action: [ 1.000  0.717  0.208  0.214  0.159  0.557  0.550  0.099  0.719  0.614
  0.833  0.695  0.489  0.530  0.602  0.000  0.000  0.469  0.000  0.865
  0.359  0.225  0.783  0.497  0.000  0.015  0.384  0.324  0.000  0.356
  0.502  0.593  0.000  0.651  1.000  1.000  0.581  0.116  1.000  0.181
  0.286  0.345]
[2023-01-09 14:16:39.316477] app_config generated.
[2023-01-09 14:16:39.317173] 0: carrying out #11 repetition test...
[2023-01-09 14:16:39.317183] 0 - 11: deploying...
[2023-01-09 14:17:11.936420] 0 - 11: done.
[2023-01-09 14:17:11.936471] 0 - 11: setting ...
[2023-01-09 14:17:24.920412] 0 - 11: done.
[2023-01-09 14:17:34.638338] 0 - 11 - 0: testing...
[2023-01-09 14:19:08.878443] 0 - 11 - 0: done.
[2023-01-09 14:19:17.467722] 0 - 11: cleaning up config...
[2023-01-09 14:19:25.270484] 0 - 11: done.
Performance remained!
************train************
current_performance(tps, lat): 16712.90570578601 1327.2
default_performance(tps, lat): 18751.171948246767 1098.0
best_performance(tps, lat):    18744.142455482663 1087.4
*****************************
$$$$$$$$$$$$$$$$$$$$$$
tps_reward: -0.28189969414485455
lat_reward: -0.7284748783182535
reward: -0.549844804648894
$$$$$$$$$$$$$$$$$$$$$$
action: [ 1.000  0.346  0.139  0.212  0.441  0.590  0.418  0.189  0.559  0.627
  0.671  0.756  0.721  0.953  0.648  0.000  0.000  0.449  0.053  1.000
  0.106  0.272  0.865  0.346  0.166  0.000  0.064  0.404  0.180  0.387
  0.567  0.548  0.000  0.834  1.000  0.787  0.583  0.025  0.662  0.637
  0.114  0.264]
[2023-01-09 14:19:25.289222] app_config generated.
[2023-01-09 14:19:25.289926] 0: carrying out #12 repetition test...
[2023-01-09 14:19:25.289936] 0 - 12: deploying...
[2023-01-09 14:19:55.805426] 0 - 12: done.
[2023-01-09 14:19:55.805506] 0 - 12: setting ...
[2023-01-09 14:20:07.684329] 0 - 12: done.
[2023-01-09 14:20:16.449987] 0 - 12 - 0: testing...
[2023-01-09 14:21:51.184828] 0 - 12 - 0: done.
[2023-01-09 14:21:59.665747] 0 - 12: cleaning up config...
[2023-01-09 14:22:07.287894] 0 - 12: done.
Performance remained!
************train************
current_performance(tps, lat): 16212.710765239948 1335.4
default_performance(tps, lat): 18751.171948246767 1098.0
best_performance(tps, lat):    18744.142455482663 1087.4
*****************************
$$$$$$$$$$$$$$$$$$$$$$
tps_reward: -0.36218295175353993
lat_reward: -0.7617660685945842
reward: -0.6019328218581664
$$$$$$$$$$$$$$$$$$$$$$
action: [ 1.000  0.665  0.037  0.214  0.392  0.518  0.484  0.642  0.619  0.724
  0.547  1.000  0.518  0.701  0.708  0.000  0.000  0.688  0.044  1.000
  0.210  0.190  0.600  0.499  0.206  0.000  0.378  0.727  0.000  0.000
  0.638  0.514  0.000  0.486  1.000  0.566  0.000  0.186  0.520  0.960
  0.000  0.336]
[2023-01-09 14:22:07.306250] app_config generated.
[2023-01-09 14:22:07.306897] 0: carrying out #13 repetition test...
[2023-01-09 14:22:07.306906] 0 - 13: deploying...
[2023-01-09 14:22:40.876443] 0 - 13: done.
[2023-01-09 14:22:40.876515] 0 - 13: setting ...
[2023-01-09 14:22:52.769452] 0 - 13: done.
[2023-01-09 14:23:02.501726] 0 - 13 - 0: testing...
[2023-01-09 14:24:36.972636] 0 - 13 - 0: done.
[2023-01-09 14:24:46.678233] 0 - 13: cleaning up config...
[2023-01-09 14:24:54.479237] 0 - 13: done.
Performance remained!
************train************
current_performance(tps, lat): 16059.097478721696 1322.2
default_performance(tps, lat): 18751.171948246767 1098.0
best_performance(tps, lat):    18744.142455482663 1087.4
*****************************
$$$$$$$$$$$$$$$$$$$$$$
tps_reward: -0.3877522734243179
lat_reward: -0.7084350687922327
reward: -0.5801619506450668
$$$$$$$$$$$$$$$$$$$$$$
action: [ 0.970  0.725  0.024  0.209  0.493  0.577  0.496  0.592  0.232  0.635
  0.157  1.000  0.547  0.852  0.891  0.000  0.603  0.788  0.360  1.000
  0.474  0.066  0.683  0.016  0.249  0.190  0.424  0.595  0.000  0.000
  0.984  0.660  0.000  0.627  1.000  0.713  0.049  0.208  0.393  0.715
  0.000  0.252]
[2023-01-09 14:24:54.497828] app_config generated.
[2023-01-09 14:24:54.498512] 0: carrying out #14 repetition test...
[2023-01-09 14:24:54.498522] 0 - 14: deploying...
[2023-01-09 14:25:24.926639] 0 - 14: done.
[2023-01-09 14:25:24.926700] 0 - 14: setting ...
[2023-01-09 14:25:38.784783] 0 - 14: done.
[2023-01-09 14:25:49.521541] 0 - 14 - 0: testing...
[2023-01-09 14:27:22.181571] 0 - 14 - 0: done.
[2023-01-09 14:27:31.848963] 0 - 14: cleaning up config...
[2023-01-09 14:27:39.665021] 0 - 14: done.
Performance remained!
************train************
current_performance(tps, lat): 17961.060421007256 1043.8
default_performance(tps, lat): 18751.171948246767 1098.0
best_performance(tps, lat):    18744.142455482663 1087.4
*****************************
$$$$$$$$$$$$$$$$$$$$$$
tps_reward: -0.10087658401495954
lat_reward: 0
reward: -0.040350633605983816
$$$$$$$$$$$$$$$$$$$$$$
action: [ 1.000  0.859  0.000  0.273  0.568  0.651  0.282  0.523  0.316  0.338
  0.088  0.975  0.251  0.848  1.000  0.000  0.734  0.809  0.392  1.000
  0.294  0.167  0.692  0.263  0.158  0.193  0.488  0.631  0.000  0.149
  1.000  0.827  0.210  0.519  1.000  0.777  0.144  0.119  0.528  0.611
  0.000  1.000]
[2023-01-09 14:27:39.683983] app_config generated.
[2023-01-09 14:27:39.684703] 0: carrying out #15 repetition test...
[2023-01-09 14:27:39.684713] 0 - 15: deploying...
[2023-01-09 14:28:10.524222] 0 - 15: done.
[2023-01-09 14:28:10.524276] 0 - 15: setting ...
[2023-01-09 14:28:23.340837] 0 - 15: done.
[2023-01-09 14:28:33.069900] 0 - 15 - 0: testing...
[2023-01-09 14:30:02.094651] 0 - 15 - 0: done.
[2023-01-09 14:30:11.610477] 0 - 15: cleaning up config...
[2023-01-09 14:30:19.191458] 0 - 15: done.
Performance remained!
************train************
current_performance(tps, lat): 19898.913519321846 966.0
default_performance(tps, lat): 18751.171948246767 1098.0
best_performance(tps, lat):    19898.913519321846 966.0
*****************************
$$$$$$$$$$$$$$$$$$$$$$
tps_reward: 0
lat_reward: 0
reward: 0.0
$$$$$$$$$$$$$$$$$$$$$$
action: [ 1.000  0.820  0.000  0.385  0.383  0.645  0.397  0.454  0.187  0.432
  0.000  1.000  0.438  0.687  1.000  0.014  0.634  1.000  0.387  1.000
  0.544  0.000  0.266  0.430  0.393  0.066  0.393  0.515  0.030  0.000
  0.997  1.000  0.000  0.485  0.932  0.641  0.030  0.365  0.700  0.588
  0.000  1.000]
[2023-01-09 14:30:19.209566] app_config generated.
[2023-01-09 14:30:19.210240] 0: carrying out #16 repetition test...
[2023-01-09 14:30:19.210250] 0 - 16: deploying...
[2023-01-09 14:30:48.586257] 0 - 16: done.
[2023-01-09 14:30:48.586337] 0 - 16: setting ...
[2023-01-09 14:31:01.428133] 0 - 16: done.
[2023-01-09 14:31:10.143741] 0 - 16 - 0: testing...
[2023-01-09 14:32:39.966462] 0 - 16 - 0: done.
[2023-01-09 14:32:49.673641] 0 - 16: cleaning up config...
[2023-01-09 14:32:57.550112] 0 - 16: done.
Performance remained!
************train************
current_performance(tps, lat): 19686.589495235847 1002.4
default_performance(tps, lat): 18751.171948246767 1098.0
best_performance(tps, lat):    19898.913519321846 966.0
*****************************
$$$$$$$$$$$$$$$$$$$$$$
tps_reward: 0
lat_reward: 0
reward: 0.0
$$$$$$$$$$$$$$$$$$$$$$
action: [ 0.790  0.400  0.735  0.441  0.399  0.577  0.339  0.740  0.444  0.342
  0.026  0.798  0.647  0.679  1.000  0.198  0.292  0.856  0.687  0.954
  0.436  0.054  0.640  0.245  0.300  0.117  0.516  0.619  0.122  0.000
  1.000  1.000  0.094  0.717  1.000  0.467  0.265  0.407  0.536  0.588
  0.000  1.000]
[2023-01-09 14:32:57.568623] app_config generated.
[2023-01-09 14:32:57.569276] 0: carrying out #17 repetition test...
[2023-01-09 14:32:57.569285] 0 - 17: deploying...
[2023-01-09 14:33:26.571408] 0 - 17: done.
[2023-01-09 14:33:26.571471] 0 - 17: setting ...
[2023-01-09 14:33:38.376700] 0 - 17: done.
[2023-01-09 14:33:47.095265] 0 - 17 - 0: testing...
[2023-01-09 14:37:34.789120] 0 - 17 - 0: done.
[2023-01-09 14:37:43.673169] 0 - 17: cleaning up config...
[2023-01-09 14:37:52.342334] 0 - 17: done.
Performance remained!
************train************
current_performance(tps, lat): 6903.216899074969 2126.6
default_performance(tps, lat): 18751.171948246767 1098.0
best_performance(tps, lat):    19898.913519321846 966.0
*****************************
$$$$$$$$$$$$$$$$$$$$$$
tps_reward: -2.7968739753302754
lat_reward: -6.965049590136284
reward: -5.297779344213881
$$$$$$$$$$$$$$$$$$$$$$
action: [ 0.853  0.366  0.660  0.287  0.284  0.565  0.000  0.527  0.547  0.375
  0.000  0.701  0.795  0.419  1.000  0.521  0.462  0.785  0.709  0.818
  0.642  0.029  0.886  0.237  0.260  0.431  0.306  0.295  0.139  0.135
  0.665  1.000  0.249  0.856  0.967  0.406  0.404  0.165  0.751  0.313
  0.100  1.000]
[2023-01-09 14:37:52.360949] app_config generated.
[2023-01-09 14:37:52.361614] 0: carrying out #18 repetition test...
[2023-01-09 14:37:52.361626] 0 - 18: deploying...
[2023-01-09 14:38:21.747512] 0 - 18: done.
[2023-01-09 14:38:21.747595] 0 - 18: setting ...
[2023-01-09 14:38:34.599958] 0 - 18: done.
[2023-01-09 14:38:44.351399] 0 - 18 - 0: testing...
[2023-01-09 14:42:37.744988] 0 - 18 - 0: done.
[2023-01-09 14:42:46.456274] 0 - 18: cleaning up config...
[2023-01-09 14:42:56.049194] 0 - 18: done.
Performance remained!
************train************
current_performance(tps, lat): 6916.3946218115425 2035.0
default_performance(tps, lat): 18751.171948246767 1098.0
best_performance(tps, lat):    19898.913519321846 966.0
*****************************
$$$$$$$$$$$$$$$$$$$$$$
tps_reward: -2.7920087520139005
lat_reward: -5.899027666788163
reward: -4.656220100878458
$$$$$$$$$$$$$$$$$$$$$$
action: [ 0.814  0.215  0.580  0.451  0.007  0.328  0.000  0.459  0.184  0.290
  0.176  0.809  0.876  0.395  1.000  0.152  0.709  0.458  0.784  1.000
  0.143  0.000  0.764  0.561  0.000  0.701  0.415  0.667  0.430  0.407
  0.524  1.000  0.202  0.905  1.000  0.183  0.630  0.072  0.606  0.380
  0.002  1.000]
[2023-01-09 14:42:56.067905] app_config generated.
[2023-01-09 14:42:56.068572] 0: carrying out #19 repetition test...
[2023-01-09 14:42:56.068582] 0 - 19: deploying...
[2023-01-09 14:43:28.685488] 0 - 19: done.
[2023-01-09 14:43:28.685546] 0 - 19: setting ...
[2023-01-09 14:43:40.515579] 0 - 19: done.
[2023-01-09 14:43:49.209036] 0 - 19 - 0: testing...
[2023-01-09 14:47:43.537249] 0 - 19 - 0: done.
[2023-01-09 14:47:52.533021] 0 - 19: cleaning up config...
[2023-01-09 14:48:01.174868] 0 - 19: done.
Performance remained!
************train************
current_performance(tps, lat): 7308.23199251637 1848.4
default_performance(tps, lat): 18751.171948246767 1098.0
best_performance(tps, lat):    19898.913519321846 966.0
*****************************
$$$$$$$$$$$$$$$$$$$$$$
tps_reward: -2.6493654764775467
lat_reward: -4.0354923166589804
reward: -3.481041580586407
$$$$$$$$$$$$$$$$$$$$$$
action: [ 0.443  0.000  0.744  0.523  0.089  0.154  0.386  0.636  0.000  0.357
  0.426  0.876  0.406  0.408  0.655  0.087  0.611  0.531  1.000  0.919
  0.318  0.000  1.000  0.579  0.069  0.747  0.604  0.704  0.339  0.117
  0.457  1.000  0.622  0.617  1.000  0.519  0.877  0.000  0.616  0.383
  0.371  0.839]
[2023-01-09 14:48:01.192915] app_config generated.
[2023-01-09 14:48:01.193552] 0: carrying out #20 repetition test...
[2023-01-09 14:48:01.193562] 0 - 20: deploying...
[2023-01-09 14:48:29.511419] 0 - 20: done.
[2023-01-09 14:48:29.511485] 0 - 20: setting ...
[2023-01-09 14:48:42.448347] 0 - 20: done.
[2023-01-09 14:48:51.129335] 0 - 20 - 0: testing...
[2023-01-09 14:52:40.225699] 0 - 20 - 0: done.
[2023-01-09 14:52:49.987481] 0 - 20: cleaning up config...
[2023-01-09 14:52:57.520189] 0 - 20: done.
Performance remained!
************train************
current_performance(tps, lat): 7392.622163081245 1902.4
default_performance(tps, lat): 18751.171948246767 1098.0
best_performance(tps, lat):    19898.913519321846 966.0
*****************************
$$$$$$$$$$$$$$$$$$$$$$
tps_reward: -2.6191541421633566
lat_reward: -4.533870274453225
reward: -3.7679838215372774
$$$$$$$$$$$$$$$$$$$$$$
action: [ 0.515  0.000  0.862  0.470  0.000  0.271  0.182  0.570  0.044  0.492
  0.435  0.683  0.000  0.606  0.724  0.100  0.657  0.635  0.962  0.737
  0.532  0.017  0.676  0.673  0.171  0.743  0.265  0.716  0.513  0.070
  0.469  0.777  0.514  0.303  1.000  0.469  0.912  0.000  0.721  0.396
  0.476  1.000]
[2023-01-09 14:52:57.538984] app_config generated.
[2023-01-09 14:52:57.539661] 0: carrying out #21 repetition test...
[2023-01-09 14:52:57.539670] 0 - 21: deploying...
[2023-01-09 14:53:27.062193] 0 - 21: done.
[2023-01-09 14:53:27.062243] 0 - 21: setting ...
[2023-01-09 14:53:40.024871] 0 - 21: done.
[2023-01-09 14:53:49.749511] 0 - 21 - 0: testing...
[2023-01-09 14:57:43.158812] 0 - 21 - 0: done.
[2023-01-09 14:57:51.904065] 0 - 21: cleaning up config...
[2023-01-09 14:57:59.491221] 0 - 21: done.
Performance remained!
************train************
current_performance(tps, lat): 7148.269403977297 1982.2
default_performance(tps, lat): 18751.171948246767 1098.0
best_performance(tps, lat):    19898.913519321846 966.0
*****************************
$$$$$$$$$$$$$$$$$$$$$$
tps_reward: -2.707126068473691
lat_reward: -5.33080667197679
reward: -4.28133443057555
$$$$$$$$$$$$$$$$$$$$$$
action: [ 0.059  0.490  0.799  0.163  0.000  0.292  0.012  0.889  0.000  0.461
  0.769  0.822  0.350  0.745  0.580  0.075  0.599  0.636  0.751  0.718
  0.510  0.000  0.780  0.380  0.475  0.931  0.321  0.522  0.614  0.219
  0.542  0.479  0.450  0.214  1.000  0.456  1.000  0.220  0.561  0.072
  0.571  0.677]
[2023-01-09 14:57:59.510567] app_config generated.
[2023-01-09 14:57:59.511277] 0: carrying out #22 repetition test...
[2023-01-09 14:57:59.511287] 0 - 22: deploying...
[2023-01-09 14:58:27.796688] 0 - 22: done.
[2023-01-09 14:58:27.796768] 0 - 22: setting ...
[2023-01-09 14:58:40.664959] 0 - 22: done.
[2023-01-09 14:58:49.440503] 0 - 22 - 0: testing...
[2023-01-09 15:02:52.581422] 0 - 22 - 0: done.
[2023-01-09 15:03:02.322821] 0 - 22: cleaning up config...
[2023-01-09 15:03:09.907257] 0 - 22: done.
Performance remained!
************train************
current_performance(tps, lat): 6401.229035974907 2390.6
default_performance(tps, lat): 18751.171948246767 1098.0
best_performance(tps, lat):    19898.913519321846 966.0
*****************************
$$$$$$$$$$$$$$$$$$$$$$
tps_reward: -2.985536012454349
lat_reward: -10.644818893205237
reward: -7.581105740904881
$$$$$$$$$$$$$$$$$$$$$$
action: [ 0.095  0.486  0.636  0.293  0.002  0.565  0.045  0.606  0.000  0.603
  0.944  0.802  0.705  0.728  0.499  0.307  0.897  0.521  0.460  1.000
  0.864  0.058  0.566  0.098  0.000  1.000  0.385  0.422  0.507  0.349
  0.787  0.655  0.585  0.204  1.000  0.386  1.000  0.656  0.327  0.240
  0.821  0.579]
[2023-01-09 15:03:09.926265] app_config generated.
[2023-01-09 15:03:09.926955] 0: carrying out #23 repetition test...
[2023-01-09 15:03:09.926965] 0 - 23: deploying...
[2023-01-09 15:03:39.479942] 0 - 23: done.
[2023-01-09 15:03:39.480019] 0 - 23: setting ...
[2023-01-09 15:03:51.416715] 0 - 23: done.
[2023-01-09 15:04:00.280245] 0 - 23 - 0: testing...
[2023-01-09 15:05:42.924098] 0 - 23 - 0: done.
[2023-01-09 15:05:52.437371] 0 - 23: cleaning up config...
[2023-01-09 15:06:02.055758] 0 - 23: done.
Performance remained!
************train************
current_performance(tps, lat): 14971.852916516948 1334.8
default_performance(tps, lat): 18751.171948246767 1098.0
best_performance(tps, lat):    19898.913519321846 966.0
*****************************
$$$$$$$$$$$$$$$$$$$$$$
tps_reward: -0.581309522022758
lat_reward: -0.759312128423753
reward: -0.6881110858633549
$$$$$$$$$$$$$$$$$$$$$$
action: [ 0.239  0.409  0.770  0.296  0.023  0.683  0.016  0.549  0.000  0.675
  0.976  0.910  0.424  0.460  0.433  0.229  0.888  0.729  0.729  0.873
  0.934  0.000  0.601  0.174  0.000  1.000  0.340  0.738  0.249  0.435
  0.846  0.467  0.399  0.394  0.692  0.605  1.000  0.202  0.498  0.443
  0.377  0.827]
[2023-01-09 15:06:02.074548] app_config generated.
[2023-01-09 15:06:02.075208] 0: carrying out #24 repetition test...
[2023-01-09 15:06:02.075217] 0 - 24: deploying...
[2023-01-09 15:06:27.535819] 0 - 24: done.
[2023-01-09 15:06:27.535880] 0 - 24: setting ...
[2023-01-09 15:06:39.443501] 0 - 24: done.
[2023-01-09 15:06:48.154116] 0 - 24 - 0: testing...
[2023-01-09 15:10:53.475111] 0 - 24 - 0: done.
[2023-01-09 15:11:02.219523] 0 - 24: cleaning up config...
[2023-01-09 15:11:09.831863] 0 - 24: done.
Performance remained!
************train************
current_performance(tps, lat): 6437.326192192811 2289.6
default_performance(tps, lat): 18751.171948246767 1098.0
best_performance(tps, lat):    19898.913519321846 966.0
*****************************
$$$$$$$$$$$$$$$$$$$$$$
tps_reward: -2.971752157635125
lat_reward: -9.12637413905632
reward: -6.664525346487842
$$$$$$$$$$$$$$$$$$$$$$
action: [ 0.274  0.641  0.531  0.214  0.307  0.514  0.000  0.345  0.000  1.000
  0.736  1.000  0.315  0.450  0.571  0.356  0.925  0.840  0.490  0.697
  0.734  0.000  0.266  0.387  0.000  1.000  0.149  0.905  0.044  0.395
  0.607  0.600  0.466  0.465  0.435  0.464  1.000  0.000  0.447  0.232
  0.401  0.832]
[2023-01-09 15:11:09.850772] app_config generated.
[2023-01-09 15:11:09.851405] 0: carrying out #25 repetition test...
[2023-01-09 15:11:09.851415] 0 - 25: deploying...
[2023-01-09 15:11:40.461393] 0 - 25: done.
[2023-01-09 15:11:40.461443] 0 - 25: setting ...
[2023-01-09 15:11:52.293157] 0 - 25: done.
[2023-01-09 15:12:02.063959] 0 - 25 - 0: testing...
[2023-01-09 15:13:43.658142] 0 - 25 - 0: done.
[2023-01-09 15:13:53.292187] 0 - 25: cleaning up config...
[2023-01-09 15:14:00.821246] 0 - 25: done.
Performance remained!
************train************
current_performance(tps, lat): 15094.795314575535 1315.4
default_performance(tps, lat): 18751.171948246767 1098.0
best_performance(tps, lat):    19898.913519321846 966.0
*****************************
$$$$$$$$$$$$$$$$$$$$$$
tps_reward: -0.5582995719927962
lat_reward: -0.6814950714528235
reward: -0.6322168716688126
$$$$$$$$$$$$$$$$$$$$$$
action: [ 0.247  0.724  0.678  0.000  0.361  0.783  0.218  0.146  0.254  0.826
  0.780  0.764  0.521  0.616  0.680  0.624  1.000  0.906  0.830  0.845
  0.721  0.000  0.814  0.399  0.000  0.880  0.127  1.000  0.322  0.124
  0.389  0.776  0.790  0.000  0.099  0.077  1.000  0.000  0.732  0.288
  0.541  1.000]
[2023-01-09 15:14:00.840118] app_config generated.
[2023-01-09 15:14:00.840801] 0: carrying out #26 repetition test...
[2023-01-09 15:14:00.840811] 0 - 26: deploying...
[2023-01-09 15:14:29.498347] 0 - 26: done.
[2023-01-09 15:14:29.498397] 0 - 26: setting ...
[2023-01-09 15:14:42.463140] 0 - 26: done.
[2023-01-09 15:14:52.271553] 0 - 26 - 0: testing...
[2023-01-09 15:18:49.422600] 0 - 26 - 0: done.
[2023-01-09 15:19:00.230258] 0 - 26: cleaning up config...
[2023-01-09 15:19:09.020472] 0 - 26: done.
Performance remained!
************train************
current_performance(tps, lat): 6517.800112106162 2426.8
default_performance(tps, lat): 18751.171948246767 1098.0
best_performance(tps, lat):    19898.913519321846 966.0
*****************************
$$$$$$$$$$$$$$$$$$$$$$
tps_reward: -2.9411446229216494
lat_reward: -11.223908543166901
reward: -7.9108029750688
$$$$$$$$$$$$$$$$$$$$$$
action: [ 0.259  0.487  0.552  0.226  0.544  0.467  0.288  0.337  0.178  0.600
  0.886  0.636  0.404  0.264  0.721  0.871  1.000  0.858  0.885  0.569
  0.473  0.000  1.000  0.420  0.000  0.771  0.000  1.000  0.079  0.005
  0.591  0.756  0.715  0.400  0.000  0.079  1.000  0.000  0.776  0.432
  0.336  0.970]
[2023-01-09 15:19:09.038980] app_config generated.
[2023-01-09 15:19:09.039631] 0: carrying out #27 repetition test...
[2023-01-09 15:19:09.039641] 0 - 27: deploying...
[2023-01-09 15:19:37.500931] 0 - 27: done.
[2023-01-09 15:19:37.501167] 0 - 27: setting ...
[2023-01-09 15:19:50.418636] 0 - 27: done.
[2023-01-09 15:19:59.124594] 0 - 27 - 0: testing...
[2023-01-09 15:23:56.674932] 0 - 27 - 0: done.
[2023-01-09 15:24:06.459336] 0 - 27: cleaning up config...
[2023-01-09 15:24:14.117157] 0 - 27: done.
Performance remained!
************train************
current_performance(tps, lat): 6541.3346939309495 2691.4
default_performance(tps, lat): 18751.171948246767 1098.0
best_performance(tps, lat):    19898.913519321846 966.0
*****************************
$$$$$$$$$$$$$$$$$$$$$$
tps_reward: -2.9322251866756877
lat_reward: -16.0468408507903
reward: -10.800994585144455
$$$$$$$$$$$$$$$$$$$$$$
action: [ 0.640  0.589  0.826  0.090  0.729  0.466  0.435  0.279  0.104  0.425
  1.000  0.685  0.684  0.307  0.512  0.837  0.898  0.783  1.000  0.728
  0.540  0.115  1.000  0.194  0.000  0.845  0.000  1.000  0.069  0.027
  0.596  0.484  1.000  0.595  0.000  0.000  1.000  0.000  0.860  0.483
  0.000  1.000]
[2023-01-09 15:24:14.136076] app_config generated.
[2023-01-09 15:24:14.136686] 0: carrying out #28 repetition test...
[2023-01-09 15:24:14.136696] 0 - 28: deploying...
[2023-01-09 15:24:43.599583] 0 - 28: done.
[2023-01-09 15:24:43.599631] 0 - 28: setting ...
[2023-01-09 15:24:56.567428] 0 - 28: done.
[2023-01-09 15:25:06.342047] 0 - 28 - 0: testing...
[2023-01-09 15:29:01.825175] 0 - 28 - 0: done.
[2023-01-09 15:29:10.555828] 0 - 28: cleaning up config...
[2023-01-09 15:29:20.304904] 0 - 28: done.
Performance remained!
************train************
current_performance(tps, lat): 6384.391439807958 3045.6
default_performance(tps, lat): 18751.171948246767 1098.0
best_performance(tps, lat):    19898.913519321846 966.0
*****************************
$$$$$$$$$$$$$$$$$$$$$$
tps_reward: -2.991977107120883
lat_reward: -24.26981622451722
reward: -15.758680577558685
$$$$$$$$$$$$$$$$$$$$$$
action: [ 0.502  0.815  0.523  0.420  0.716  0.456  0.289  0.304  0.264  0.339
  0.791  0.625  0.876  0.172  0.492  0.785  0.882  0.621  1.000  0.741
  0.612  0.304  1.000  0.498  0.000  1.000  0.146  1.000  0.305  0.061
  0.360  0.397  1.000  0.337  0.231  0.000  1.000  0.477  0.974  0.465
  0.000  1.000]
[2023-01-09 15:29:20.323606] app_config generated.
[2023-01-09 15:29:20.324235] 0: carrying out #29 repetition test...
[2023-01-09 15:29:20.324245] 0 - 29: deploying...
[2023-01-09 15:29:49.891488] 0 - 29: done.
[2023-01-09 15:29:49.891523] 0 - 29: setting ...
[2023-01-09 15:30:01.699063] 0 - 29: done.
[2023-01-09 15:30:10.375876] 0 - 29 - 0: testing...
[2023-01-09 15:33:59.948159] 0 - 29 - 0: done.
[2023-01-09 15:34:08.663648] 0 - 29: cleaning up config...
[2023-01-09 15:34:16.318590] 0 - 29: done.
Performance remained!
************train************
current_performance(tps, lat): 6968.641114982578 2156.0
default_performance(tps, lat): 18751.171948246767 1098.0
best_performance(tps, lat):    19898.913519321846 966.0
*****************************
$$$$$$$$$$$$$$$$$$$$$$
tps_reward: -2.7727630464643456
lat_reward: -7.329392957112508
reward: -5.506740992853243
$$$$$$$$$$$$$$$$$$$$$$
action: [ 0.680  0.563  0.562  0.369  0.691  0.586  0.055  0.217  0.460  0.322
  0.762  0.268  0.773  0.126  0.736  0.716  1.000  0.588  0.744  0.844
  0.583  0.524  1.000  0.557  0.000  1.000  0.000  1.000  0.679  0.463
  0.236  0.370  1.000  0.314  0.104  0.000  1.000  0.797  0.858  0.448
  0.038  1.000]
[2023-01-09 15:34:16.337139] app_config generated.
[2023-01-09 15:34:16.337762] 0: carrying out #30 repetition test...
[2023-01-09 15:34:16.337771] 0 - 30: deploying...
[2023-01-09 15:34:44.907813] 0 - 30: done.
[2023-01-09 15:34:44.907847] 0 - 30: setting ...
[2023-01-09 15:34:57.716479] 0 - 30: done.
[2023-01-09 15:35:07.502950] 0 - 30 - 0: testing...
[2023-01-09 15:39:03.321555] 0 - 30 - 0: done.
[2023-01-09 15:39:12.063613] 0 - 30: cleaning up config...
[2023-01-09 15:39:19.616739] 0 - 30: done.
Performance remained!
************train************
current_performance(tps, lat): 6554.9699782375 2731.2
default_performance(tps, lat): 18751.171948246767 1098.0
best_performance(tps, lat):    19898.913519321846 966.0
*****************************
$$$$$$$$$$$$$$$$$$$$$$
tps_reward: -2.927064074766129
lat_reward: -16.866188856895434
reward: -11.29053894404371
$$$$$$$$$$$$$$$$$$$$$$
action: [ 0.630  0.283  0.681  0.544  0.590  0.450  0.599  0.181  0.261  0.489
  0.461  0.602  0.502  0.293  0.876  0.609  0.999  0.607  0.603  0.506
  0.738  0.535  1.000  0.403  0.000  1.000  0.091  1.000  0.707  0.348
  0.665  0.163  1.000  0.679  0.279  0.174  1.000  0.909  0.658  0.248
  0.000  0.986]
[2023-01-09 15:39:19.635785] app_config generated.
[2023-01-09 15:39:19.636446] 0: carrying out #31 repetition test...
[2023-01-09 15:39:19.636457] 0 - 31: deploying...
[2023-01-09 15:39:51.196247] 0 - 31: done.
[2023-01-09 15:39:51.196298] 0 - 31: setting ...
[2023-01-09 15:40:03.028669] 0 - 31: done.
[2023-01-09 15:40:12.774850] 0 - 31 - 0: testing...
[2023-01-09 15:44:03.388411] 0 - 31 - 0: done.
[2023-01-09 15:44:13.097907] 0 - 31: cleaning up config...
[2023-01-09 15:44:20.584776] 0 - 31: done.
Performance remained!
************train************
current_performance(tps, lat): 7254.261878853827 1956.4
default_performance(tps, lat): 18751.171948246767 1098.0
best_performance(tps, lat):    19898.913519321846 966.0
*****************************
$$$$$$$$$$$$$$$$$$$$$$
tps_reward: -2.668780949239819
lat_reward: -5.065114973138935
reward: -4.106581363579289
$$$$$$$$$$$$$$$$$$$$$$
action: [ 0.523  0.395  0.573  0.538  0.342  0.459  0.560  0.483  0.378  0.172
  0.576  0.499  0.523  0.234  0.891  0.384  0.477  0.818  0.212  0.359
  0.772  0.442  1.000  0.151  0.000  0.766  0.000  1.000  0.653  0.137
  0.661  0.552  1.000  0.432  0.354  0.000  1.000  0.957  0.520  0.000
  0.000  0.914]
[2023-01-09 15:44:20.603443] app_config generated.
[2023-01-09 15:44:20.604084] 0: carrying out #32 repetition test...
[2023-01-09 15:44:20.604094] 0 - 32: deploying...
[2023-01-09 15:44:50.991594] 0 - 32: done.
[2023-01-09 15:44:50.991658] 0 - 32: setting ...
[2023-01-09 15:45:04.009912] 0 - 32: done.
[2023-01-09 15:45:13.795142] 0 - 32 - 0: testing...
[2023-01-09 15:46:46.929342] 0 - 32 - 0: done.
[2023-01-09 15:46:55.400780] 0 - 32: cleaning up config...
[2023-01-09 15:47:03.992735] 0 - 32: done.
Performance remained!
************train************
current_performance(tps, lat): 17208.742040956808 1300.8
default_performance(tps, lat): 18751.171948246767 1098.0
best_performance(tps, lat):    19898.913519321846 966.0
*****************************
$$$$$$$$$$$$$$$$$$$$$$
tps_reward: -0.20673500472299833
lat_reward: -0.6248683857812587
reward: -0.45761503335795456
$$$$$$$$$$$$$$$$$$$$$$
action: [ 0.597  0.776  0.535  0.414  0.445  0.718  0.445  0.789  0.454  0.000
  0.286  0.271  0.392  0.383  0.978  0.512  0.276  0.721  0.343  0.414
  0.537  0.394  1.000  0.000  0.000  1.000  0.197  1.000  0.807  0.135
  1.000  0.307  0.741  0.329  0.357  0.000  1.000  0.733  0.448  0.000
  0.037  1.000]
[2023-01-09 15:47:04.011581] app_config generated.
[2023-01-09 15:47:04.012238] 0: carrying out #33 repetition test...
[2023-01-09 15:47:04.012248] 0 - 33: deploying...
[2023-01-09 15:47:32.504920] 0 - 33: done.
[2023-01-09 15:47:32.504956] 0 - 33: setting ...
[2023-01-09 15:47:44.308993] 0 - 33: done.
[2023-01-09 15:47:54.060422] 0 - 33 - 0: testing...
[2023-01-09 15:49:24.867859] 0 - 33 - 0: done.
[2023-01-09 15:49:34.585479] 0 - 33: cleaning up config...
[2023-01-09 15:49:42.523296] 0 - 33: done.
Performance remained!
************train************
current_performance(tps, lat): 18614.347939391682 1116.2
default_performance(tps, lat): 18751.171948246767 1098.0
best_performance(tps, lat):    19898.913519321846 966.0
*****************************
$$$$$$$$$$$$$$$$$$$$$$
tps_reward: -0.016729879999484318
lat_reward: -0.044416699734462196
reward: -0.033341971840471045
$$$$$$$$$$$$$$$$$$$$$$
action: [ 0.531  0.550  0.634  0.256  0.435  0.913  0.381  0.646  0.426  0.000
  0.592  0.237  0.391  0.396  1.000  0.519  0.229  0.950  0.118  0.221
  0.728  0.565  0.985  0.000  0.000  0.905  0.200  1.000  0.698  0.158
  0.888  0.299  0.402  0.270  0.313  0.043  1.000  0.755  0.027  0.186
  0.160  0.994]
[2023-01-09 15:49:42.541981] app_config generated.
[2023-01-09 15:49:42.542612] 0: carrying out #34 repetition test...
[2023-01-09 15:49:42.542621] 0 - 34: deploying...
[2023-01-09 15:50:09.879320] 0 - 34: done.
[2023-01-09 15:50:09.879362] 0 - 34: setting ...
[2023-01-09 15:50:22.773251] 0 - 34: done.
[2023-01-09 15:50:31.484667] 0 - 34 - 0: testing...
[2023-01-09 15:52:02.048919] 0 - 34 - 0: done.
[2023-01-09 15:52:10.511408] 0 - 34: cleaning up config...
[2023-01-09 15:52:19.131251] 0 - 34: done.
Performance remained!
************train************
current_performance(tps, lat): 17285.48710502662 1283.8
default_performance(tps, lat): 18751.171948246767 1098.0
best_performance(tps, lat):    19898.913519321846 966.0
*****************************
$$$$$$$$$$$$$$$$$$$$$$
tps_reward: -0.19548809675694087
lat_reward: -0.5610019949613086
reward: -0.41479643567956154
$$$$$$$$$$$$$$$$$$$$$$
action: [ 0.480  0.351  0.425  0.400  0.430  0.746  0.407  0.519  0.175  0.000
  0.155  0.411  0.276  0.526  1.000  0.541  0.011  0.835  0.011  0.233
  0.754  0.632  0.563  0.000  0.082  0.927  0.224  1.000  0.350  0.324
  0.828  0.381  0.441  0.261  0.428  0.000  1.000  0.536  0.254  0.066
  0.126  0.568]
[2023-01-09 15:52:19.150228] app_config generated.
[2023-01-09 15:52:19.150893] 0: carrying out #35 repetition test...
[2023-01-09 15:52:19.150903] 0 - 35: deploying...
[2023-01-09 15:52:49.692779] 0 - 35: done.
[2023-01-09 15:52:49.692832] 0 - 35: setting ...
[2023-01-09 15:53:02.611550] 0 - 35: done.
[2023-01-09 15:53:12.390147] 0 - 35 - 0: testing...
[2023-01-09 15:54:44.845262] 0 - 35 - 0: done.
[2023-01-09 15:54:53.332743] 0 - 35: cleaning up config...
[2023-01-09 15:55:01.974859] 0 - 35: done.
Performance remained!
************train************
current_performance(tps, lat): 17016.64227614607 1322.2
default_performance(tps, lat): 18751.171948246767 1098.0
best_performance(tps, lat):    19898.913519321846 966.0
*****************************
$$$$$$$$$$$$$$$$$$$$$$
tps_reward: -0.23533980994375805
lat_reward: -0.7084350687922327
reward: -0.5191969652528429
$$$$$$$$$$$$$$$$$$$$$$
action: [ 0.620  0.066  0.548  0.576  0.000  0.790  0.605  0.607  0.000  0.164
  0.475  0.274  0.104  0.818  1.000  0.399  0.317  0.714  0.066  0.377
  0.806  0.479  0.215  0.000  0.161  0.510  0.255  0.742  0.578  0.105
  0.998  0.391  0.446  0.349  0.321  0.000  1.000  0.809  0.407  0.208
  0.112  0.758]
[2023-01-09 15:55:01.994156] app_config generated.
[2023-01-09 15:55:01.994826] 0: carrying out #36 repetition test...
[2023-01-09 15:55:01.994836] 0 - 36: deploying...
[2023-01-09 15:55:31.555167] 0 - 36: done.
[2023-01-09 15:55:31.555222] 0 - 36: setting ...
[2023-01-09 15:55:44.469563] 0 - 36: done.
[2023-01-09 15:55:54.309738] 0 - 36 - 0: testing...
[2023-01-09 15:57:22.474091] 0 - 36 - 0: done.
[2023-01-09 15:57:31.969145] 0 - 36: cleaning up config...
[2023-01-09 15:57:39.516141] 0 - 36: done.
Performance remained!
************train************
current_performance(tps, lat): 19567.17410871522 977.0
default_performance(tps, lat): 18751.171948246767 1098.0
best_performance(tps, lat):    19898.913519321846 966.0
*****************************
$$$$$$$$$$$$$$$$$$$$$$
tps_reward: 0
lat_reward: 0
reward: 0.0
$$$$$$$$$$$$$$$$$$$$$$
action: [ 0.511  0.000  0.568  0.546  0.170  0.629  0.426  0.950  0.000  0.319
  0.948  0.192  0.054  0.892  1.000  0.487  0.268  0.730  0.558  0.347
  0.578  0.302  0.458  0.000  0.167  0.396  0.260  0.886  0.694  0.015
  0.700  0.413  0.679  0.647  0.136  0.008  0.986  0.847  0.452  0.334
  0.321  0.800]
[2023-01-09 15:57:39.534834] app_config generated.
[2023-01-09 15:57:39.535467] 0: carrying out #37 repetition test...
[2023-01-09 15:57:39.535476] 0 - 37: deploying...
[2023-01-09 15:58:07.994070] 0 - 37: done.
[2023-01-09 15:58:07.994138] 0 - 37: setting ...
[2023-01-09 15:58:21.888494] 0 - 37: done.
[2023-01-09 15:58:30.590400] 0 - 37 - 0: testing...
[2023-01-09 16:02:23.290201] 0 - 37 - 0: done.
[2023-01-09 16:02:32.056352] 0 - 37: cleaning up config...
[2023-01-09 16:02:40.655966] 0 - 37: done.
Performance remained!
************train************
current_performance(tps, lat): 7177.2051962965625 1955.4
default_performance(tps, lat): 18751.171948246767 1098.0
best_performance(tps, lat):    19898.913519321846 966.0
*****************************
$$$$$$$$$$$$$$$$$$$$$$
tps_reward: -2.6966296112749824
lat_reward: -5.054972822419303
reward: -4.1116355379615745
$$$$$$$$$$$$$$$$$$$$$$
action: [ 0.408  0.258  0.799  0.848  0.207  0.573  0.429  1.000  0.000  0.124
  0.694  0.122  0.052  1.000  1.000  0.501  0.115  0.723  0.655  0.247
  0.686  0.519  0.532  0.114  0.295  0.597  0.563  1.000  0.779  0.070
  0.598  0.034  0.562  0.274  0.126  0.157  0.924  1.000  0.859  0.095
  0.157  0.710]
[2023-01-09 16:02:40.675452] app_config generated.
[2023-01-09 16:02:40.676125] 0: carrying out #38 repetition test...
[2023-01-09 16:02:40.676135] 0 - 38: deploying...
[2023-01-09 16:03:09.011876] 0 - 38: done.
[2023-01-09 16:03:09.011941] 0 - 38: setting ...
[2023-01-09 16:03:20.908139] 0 - 38: done.
[2023-01-09 16:03:29.624373] 0 - 38 - 0: testing...
[2023-01-09 16:07:20.821328] 0 - 38 - 0: done.
[2023-01-09 16:07:29.553501] 0 - 38: cleaning up config...
[2023-01-09 16:07:38.151888] 0 - 38: done.
Performance remained!
************train************
current_performance(tps, lat): 7290.542707999183 1938.4
default_performance(tps, lat): 18751.171948246767 1098.0
best_performance(tps, lat):    19898.913519321846 966.0
*****************************
$$$$$$$$$$$$$$$$$$$$$$
tps_reward: -2.65572098494017
lat_reward: -4.8843239586053775
reward: -3.9928827691392943
$$$$$$$$$$$$$$$$$$$$$$
action: [ 0.163  0.319  0.919  0.397  0.390  0.811  0.283  0.851  0.000  0.000
  0.402  0.265  0.000  0.915  1.000  0.868  0.000  0.922  0.678  0.243
  0.404  0.649  0.614  0.161  0.683  0.914  0.304  0.950  0.604  0.300
  0.674  0.159  0.261  0.247  0.406  0.058  0.871  0.635  0.809  0.074
  0.202  1.000]
[2023-01-09 16:07:38.174090] app_config generated.
[2023-01-09 16:07:38.174781] 0: carrying out #39 repetition test...
[2023-01-09 16:07:38.174790] 0 - 39: deploying...
[2023-01-09 16:08:07.798257] 0 - 39: done.
[2023-01-09 16:08:07.798322] 0 - 39: setting ...
[2023-01-09 16:08:19.671275] 0 - 39: done.
[2023-01-09 16:08:29.472541] 0 - 39 - 0: testing...
[2023-01-09 16:12:21.858381] 0 - 39 - 0: done.
[2023-01-09 16:12:30.578736] 0 - 39: cleaning up config...
[2023-01-09 16:12:38.074663] 0 - 39: done.
Performance remained!
************train************
current_performance(tps, lat): 7310.689690465399 1953.8
default_performance(tps, lat): 18751.171948246767 1098.0
best_performance(tps, lat):    19898.913519321846 966.0
*****************************
$$$$$$$$$$$$$$$$$$$$$$
tps_reward: -2.6484830867562965
lat_reward: -5.0387694759836625
reward: -4.082654920292716
$$$$$$$$$$$$$$$$$$$$$$
action: [ 0.257  0.000  0.599  0.761  0.535  0.770  0.233  0.758  0.000  0.340
  0.049  0.000  0.044  0.691  0.973  0.743  0.000  0.899  0.927  0.359
  0.322  0.856  0.434  0.020  0.856  0.664  0.470  1.000  0.512  0.521
  0.450  0.563  0.000  0.087  0.297  0.000  0.755  1.000  0.958  0.008
  0.162  0.766]
[2023-01-09 16:12:38.093349] app_config generated.
[2023-01-09 16:12:38.094024] 0: carrying out #40 repetition test...
[2023-01-09 16:12:38.094034] 0 - 40: deploying...
[2023-01-09 16:13:06.533225] 0 - 40: done.
[2023-01-09 16:13:06.533300] 0 - 40: setting ...
[2023-01-09 16:13:19.464225] 0 - 40: done.
[2023-01-09 16:13:29.210690] 0 - 40 - 0: testing...
[2023-01-09 16:17:18.305238] 0 - 40 - 0: done.
[2023-01-09 16:17:29.076360] 0 - 40: cleaning up config...
[2023-01-09 16:17:37.669052] 0 - 40: done.
Performance remained!
************train************
current_performance(tps, lat): 7140.918893443209 2028.4
default_performance(tps, lat): 18751.171948246767 1098.0
best_performance(tps, lat):    19898.913519321846 966.0
*****************************
$$$$$$$$$$$$$$$$$$$$$$
tps_reward: -2.7097958545053134
lat_reward: -5.82617974920613
reward: -4.579626191325803
$$$$$$$$$$$$$$$$$$$$$$
action: [ 0.371  0.275  0.810  0.532  0.371  0.839  0.071  0.911  0.000  0.488
  0.172  0.000  0.142  0.359  0.903  0.636  0.000  0.731  0.613  0.598
  0.390  0.771  0.451  0.279  1.000  0.278  0.662  0.726  0.000  0.099
  0.482  0.143  0.000  0.085  0.137  0.000  1.000  0.637  0.934  0.033
  0.489  0.366]
[2023-01-09 16:17:37.688118] app_config generated.
[2023-01-09 16:17:37.688747] 0: carrying out #41 repetition test...
[2023-01-09 16:17:37.688757] 0 - 41: deploying...
[2023-01-09 16:18:05.152288] 0 - 41: done.
[2023-01-09 16:18:05.152322] 0 - 41: setting ...
[2023-01-09 16:18:17.044251] 0 - 41: done.
[2023-01-09 16:18:26.804178] 0 - 41 - 0: testing...
[2023-01-09 16:22:23.059070] 0 - 41 - 0: done.
[2023-01-09 16:22:31.730461] 0 - 41: cleaning up config...
[2023-01-09 16:22:39.265479] 0 - 41: done.
Performance remained!
************train************
current_performance(tps, lat): 6971.556051310653 2046.8
default_performance(tps, lat): 18751.171948246767 1098.0
best_performance(tps, lat):    19898.913519321846 966.0
*****************************
$$$$$$$$$$$$$$$$$$$$$$
tps_reward: -2.771691345777299
lat_reward: -6.030580913356844
reward: -4.727025086325026
$$$$$$$$$$$$$$$$$$$$$$
action: [ 0.525  0.191  1.000  0.459  0.509  1.000  0.000  0.861  0.324  0.262
  0.318  0.000  0.151  0.361  0.885  0.589  0.109  0.630  0.201  0.609
  0.684  0.188  0.201  0.577  1.000  0.265  0.483  0.704  0.000  0.107
  0.499  0.020  0.095  0.254  0.015  0.000  1.000  0.691  0.890  0.000
  0.912  0.451]
[2023-01-09 16:22:39.284034] app_config generated.
[2023-01-09 16:22:39.284657] 0: carrying out #42 repetition test...
[2023-01-09 16:22:39.284667] 0 - 42: deploying...
[2023-01-09 16:23:08.630822] 0 - 42: done.
[2023-01-09 16:23:08.630876] 0 - 42: setting ...
[2023-01-09 16:23:20.557821] 0 - 42: done.
[2023-01-09 16:23:30.309588] 0 - 42 - 0: testing...
[2023-01-09 16:25:10.033646] 0 - 42 - 0: done.
[2023-01-09 16:25:19.579180] 0 - 42: cleaning up config...
[2023-01-09 16:25:29.141159] 0 - 42: done.
Performance remained!
************train************
current_performance(tps, lat): 16411.1990021991 1184.4
default_performance(tps, lat): 18751.171948246767 1098.0
best_performance(tps, lat):    19898.913519321846 966.0
*****************************
$$$$$$$$$$$$$$$$$$$$$$
tps_reward: -0.32978271247384744
lat_reward: -0.23063219564633203
reward: -0.2702924023773382
$$$$$$$$$$$$$$$$$$$$$$
action: [ 0.513  0.579  0.768  0.159  0.173  0.808  0.000  0.799  0.346  0.539
  0.244  0.173  0.000  0.130  0.732  0.392  0.021  0.529  0.527  0.526
  1.000  0.224  0.099  0.000  1.000  0.566  0.394  0.458  0.045  0.247
  0.330  0.000  0.014  0.271  0.295  0.000  1.000  0.584  0.991  0.000
  0.758  0.900]
[2023-01-09 16:25:29.160208] app_config generated.
[2023-01-09 16:25:29.160830] 0: carrying out #43 repetition test...
[2023-01-09 16:25:29.160839] 0 - 43: deploying...
[2023-01-09 16:25:57.679025] 0 - 43: done.
[2023-01-09 16:25:57.679083] 0 - 43: setting ...
[2023-01-09 16:26:11.526235] 0 - 43: done.
[2023-01-09 16:26:20.244909] 0 - 43 - 0: testing...
[2023-01-09 16:30:28.655877] 0 - 43 - 0: done.
[2023-01-09 16:30:37.353974] 0 - 43: cleaning up config...
[2023-01-09 16:30:44.914555] 0 - 43: done.
Performance remained!
************train************
current_performance(tps, lat): 6090.875867949811 2484.0
default_performance(tps, lat): 18751.171948246767 1098.0
best_performance(tps, lat):    19898.913519321846 966.0
*****************************
$$$$$$$$$$$$$$$$$$$$$$
tps_reward: -3.1054475231920677
lat_reward: -12.17745229776942
reward: -8.548650387938478
$$$$$$$$$$$$$$$$$$$$$$
action: [ 0.410  0.474  0.809  0.569  0.229  0.599  0.036  0.902  0.497  0.611
  0.150  0.148  0.000  0.016  0.911  0.586  0.057  0.511  0.720  0.733
  0.888  0.115  0.000  0.000  1.000  0.683  0.347  0.299  0.180  0.523
  0.346  0.000  0.299  0.442  0.551  0.305  0.576  0.711  1.000  0.007
  0.631  0.984]
[2023-01-09 16:30:44.933408] app_config generated.
[2023-01-09 16:30:44.934105] 0: carrying out #44 repetition test...
[2023-01-09 16:30:44.934116] 0 - 44: deploying...
[2023-01-09 16:31:15.219643] 0 - 44: done.
[2023-01-09 16:31:15.219685] 0 - 44: setting ...
[2023-01-09 16:31:28.246596] 0 - 44: done.
[2023-01-09 16:31:39.018689] 0 - 44 - 0: testing...
[2023-01-09 16:35:41.950385] 0 - 44 - 0: done.
[2023-01-09 16:35:50.799965] 0 - 44: cleaning up config...
[2023-01-09 16:35:59.519843] 0 - 44: done.
Performance remained!
************train************
current_performance(tps, lat): 6288.675353423555 2371.6
default_performance(tps, lat): 18751.171948246767 1098.0
best_performance(tps, lat):    19898.913519321846 966.0
*****************************
$$$$$$$$$$$$$$$$$$$$$$
tps_reward: -3.028732820515934
lat_reward: -10.348322025916746
reward: -7.420486343756421
$$$$$$$$$$$$$$$$$$$$$$
action: [ 0.239  0.906  0.593  0.331  0.358  0.317  0.000  0.807  0.784  0.439
  0.459  0.404  0.000  0.000  1.000  0.971  0.022  0.456  1.000  0.540
  1.000  0.106  0.155  0.000  1.000  0.797  0.265  0.529  0.111  0.828
  0.460  0.083  0.569  0.422  0.306  0.339  0.895  0.675  0.584  0.000
  0.323  1.000]
[2023-01-09 16:35:59.538646] app_config generated.
[2023-01-09 16:35:59.539273] 0: carrying out #45 repetition test...
[2023-01-09 16:35:59.539283] 0 - 45: deploying...
[2023-01-09 16:36:29.101067] 0 - 45: done.
[2023-01-09 16:36:29.101118] 0 - 45: setting ...
[2023-01-09 16:36:40.908682] 0 - 45: done.
[2023-01-09 16:36:50.660893] 0 - 45 - 0: testing...
[2023-01-09 16:40:50.009246] 0 - 45 - 0: done.
[2023-01-09 16:40:58.796351] 0 - 45: cleaning up config...
[2023-01-09 16:41:08.360034] 0 - 45: done.
Performance remained!
************train************
current_performance(tps, lat): 7217.6109707686755 1921.6
default_performance(tps, lat): 18751.171948246767 1098.0
best_performance(tps, lat):    19898.913519321846 966.0
*****************************
$$$$$$$$$$$$$$$$$$$$$$
tps_reward: -2.682007987268647
lat_reward: -4.718943509303614
reward: -3.9041693004896274
$$$$$$$$$$$$$$$$$$$$$$
action: [ 0.354  1.000  0.384  0.827  0.125  0.000  0.082  0.480  0.443  0.922
  0.611  0.405  0.030  0.021  1.000  0.931  0.368  0.469  0.604  0.623
  1.000  0.000  0.256  0.132  1.000  0.599  0.230  0.445  0.110  0.629
  0.313  0.605  0.393  0.638  0.224  0.194  0.837  0.549  0.651  0.000
  0.372  0.807]
[2023-01-09 16:41:08.378844] app_config generated.
[2023-01-09 16:41:08.379482] 0: carrying out #46 repetition test...
[2023-01-09 16:41:08.379492] 0 - 46: deploying...
[2023-01-09 16:41:37.835892] 0 - 46: done.
[2023-01-09 16:41:37.835929] 0 - 46: setting ...
[2023-01-09 16:41:50.725879] 0 - 46: done.
[2023-01-09 16:42:01.450086] 0 - 46 - 0: testing...
[2023-01-09 16:45:48.573318] 0 - 46 - 0: done.
[2023-01-09 16:45:57.373905] 0 - 46: cleaning up config...
[2023-01-09 16:46:05.035062] 0 - 46: done.
Performance remained!
************train************
current_performance(tps, lat): 7229.821568003702 1971.4
default_performance(tps, lat): 18751.171948246767 1098.0
best_performance(tps, lat):    19898.913519321846 966.0
*****************************
$$$$$$$$$$$$$$$$$$$$$$
tps_reward: -2.6775974918921945
lat_reward: -5.218641484687148
reward: -4.202223887569167
$$$$$$$$$$$$$$$$$$$$$$
action: [ 0.111  1.000  0.573  1.000  0.349  0.000  0.358  0.487  0.615  0.926
  0.969  0.420  0.000  0.000  1.000  0.981  0.559  0.282  0.505  0.623
  1.000  0.057  0.000  0.025  0.855  0.766  0.249  0.197  0.116  0.434
  0.377  0.730  0.571  0.669  0.383  0.270  0.626  0.256  0.905  0.054
  0.568  0.877]
[2023-01-09 16:46:05.054682] app_config generated.
[2023-01-09 16:46:05.055348] 0: carrying out #47 repetition test...
[2023-01-09 16:46:05.055358] 0 - 47: deploying...
[2023-01-09 16:46:37.557351] 0 - 47: done.
[2023-01-09 16:46:37.557400] 0 - 47: setting ...
[2023-01-09 16:46:50.489220] 0 - 47: done.
[2023-01-09 16:46:59.156119] 0 - 47 - 0: testing...
[2023-01-09 16:50:47.552563] 0 - 47 - 0: done.
[2023-01-09 16:50:57.314532] 0 - 47: cleaning up config...
[2023-01-09 16:51:06.856584] 0 - 47: done.
Performance remained!
************train************
current_performance(tps, lat): 7303.428229210792 1935.4
default_performance(tps, lat): 18751.171948246767 1098.0
best_performance(tps, lat):    19898.913519321846 966.0
*****************************
$$$$$$$$$$$$$$$$$$$$$$
tps_reward: -2.6510906174549653
lat_reward: -4.854554816570111
reward: -3.973169136924053
$$$$$$$$$$$$$$$$$$$$$$
------------------- Testing Finished -----------------------
Knobs are saved at: test_knob/cassandra/eval_ddpg_1673271754.pkl
Proposal Knob At 15
best_performance(tps, lat):  19898.913519321846 966.0
--------------------------------------------------
--------------------------------------------------
[0.011806972324848175, 0.011554685421288013, 0.011390081606805325, 0.011248419061303139, 0.011713985353708267, 0.01184576004743576, 0.011353378184139729, 0.01140507124364376, 0.011527067050337791, 0.011304875835776329, 0.011413995176553726, 0.011543886736035347, 0.011684934608638287, 0.011806814931333065, 0.011358551681041718, 0.01147061213850975, 0.0115085793659091, 0.011379788629710674, 0.011809628456830978, 0.011300817131996155, 0.011364536359906197, 0.011780803091824055, 0.01127634197473526, 0.011341318488121033, 0.011468619108200073, 0.011500434949994087, 0.011683951131999493, 0.01149175688624382, 0.011623134836554527, 0.011689096689224243, 0.011445874348282814, 0.011588342487812042, 0.011519068852066994, 0.011264066211879253, 0.011318966746330261, 0.011383553966879845, 0.011588062159717083, 0.01143624261021614, 0.011793606914579868, 0.011325761675834656, 0.01129538007080555, 0.011676950380206108, 0.011322347447276115, 0.011418596841394901, 0.011500552296638489, 0.011274118907749653, 0.011485626921057701]
[-0.6369281565191915, -0.3865329819403529, -6.986228069418905, -6.492475741414586, -0.673595436672493, -0.0003408271128446615, -0.5887299995134063, -0.27157695922309333, -0.33735192194812125, -0.19549377175402538, -0.549844804648894, -0.6019328218581664, -0.5801619506450668, -0.040350633605983816, 0.0, 0.0, -5.297779344213881, -4.656220100878458, -3.481041580586407, -3.7679838215372774, -4.28133443057555, -7.581105740904881, -0.6881110858633549, -6.664525346487842, -0.6322168716688126, -7.9108029750688, -10.800994585144455, -15.758680577558685, -5.506740992853243, -11.29053894404371, -4.106581363579289, -0.45761503335795456, -0.033341971840471045, -0.41479643567956154, -0.5191969652528429, 0.0, -4.1116355379615745, -3.9928827691392943, -4.082654920292716, -4.579626191325803, -4.727025086325026, -0.2702924023773382, -8.548650387938478, -7.420486343756421, -3.9041693004896274, -4.202223887569167, -3.973169136924053]
