Instance: cassandra Memory: 8348450816
[2023-01-11 08:31:16.056674] app_config inited.
[2023-01-11 08:31:16.057132] 0: carrying out #0 repetition test...
[2023-01-11 08:31:16.057148] 0 - 0: deploying...
[2023-01-11 08:31:49.451005] 0 - 0: done.
[2023-01-11 08:31:49.451043] 0 - 0: resetting ...
[2023-01-11 08:31:53.262749] 0 - 0: done.
[2023-01-11 08:32:02.022760] 0 - 0 - 0: testing...
[2023-01-11 08:33:32.695327] 0 - 0 - 0: done.
[2023-01-11 08:33:41.280345] 0 - 0: cleaning up config...
[2023-01-11 08:33:44.090915] 0 - 0: done.
[2023-01-11 08:33:44.091114] initialize done.
[Environment Intialize]Tps: 18514.404206472635 Lat:1130.2
------------------- Starting to Test -----------------------
action: [ 0.642  0.244  0.821  0.561  0.297  0.447  0.344  0.576  0.313  0.467
  0.613  0.431  0.456  0.206  0.702  0.270  0.305  0.340  0.703  0.720
  0.564  0.560  0.553  0.665  0.493  0.413  0.383  0.908  0.585  0.445
  0.521  0.142  0.566  0.707  0.619  0.209  0.508  0.164  0.448  0.357
  0.078  0.650]
[2023-01-11 08:33:44.105557] app_config generated.
[2023-01-11 08:33:44.106341] 0: carrying out #1 repetition test...
[2023-01-11 08:33:44.106353] 0 - 1: deploying...
[2023-01-11 08:34:14.577907] 0 - 1: done.
[2023-01-11 08:34:14.577959] 0 - 1: setting ...
[2023-01-11 08:34:26.627484] 0 - 1: done.
[2023-01-11 08:34:35.415778] 0 - 1 - 0: testing...
[2023-01-11 08:38:10.312204] 0 - 1 - 0: done.
[2023-01-11 08:38:19.247067] 0 - 1: cleaning up config...
[2023-01-11 08:38:27.982783] 0 - 1: done.
Performance remained!
************train************
current_performance(tps, lat): 7487.495881877265 1918.4
default_performance(tps, lat): 18514.404206472635 1130.2
best_performance(tps, lat):    7487.495881877265 1918.4
*****************************
$$$$$$$$$$$$$$$$$$$$$$
tps_reward: -2.56876350788011
lat_reward: -4.479669543371721
reward: -3.715307129175077
$$$$$$$$$$$$$$$$$$$$$$
action: [ 0.326  0.277  1.000  0.721  0.126  0.616  0.630  0.775  0.273  0.322
  0.887  0.480  0.369  0.374  0.816  0.562  0.305  0.688  0.657  0.792
  0.707  0.512  0.702  0.467  0.433  0.152  0.306  0.794  0.446  0.364
  0.505  0.566  0.600  0.990  0.451  0.324  0.193  0.359  0.742  0.514
  0.156  0.577]
[2023-01-11 08:38:28.002805] app_config generated.
[2023-01-11 08:38:28.003525] 0: carrying out #2 repetition test...
[2023-01-11 08:38:28.003535] 0 - 2: deploying...
[2023-01-11 08:38:59.357879] 0 - 2: done.
[2023-01-11 08:38:59.357924] 0 - 2: setting ...
[2023-01-11 08:39:11.320232] 0 - 2: done.
[2023-01-11 08:39:20.067556] 0 - 2 - 0: testing...
[2023-01-11 08:42:51.522901] 0 - 2 - 0: done.
[2023-01-11 08:43:01.295510] 0 - 2: cleaning up config...
[2023-01-11 08:43:08.870514] 0 - 2: done.
Performance remained!
************train************
current_performance(tps, lat): 7773.027594247959 1833.4
default_performance(tps, lat): 18514.404206472635 1130.2
best_performance(tps, lat):    7773.027594247959 1833.4
*****************************
$$$$$$$$$$$$$$$$$$$$$$
tps_reward: -2.4680669062934286
lat_reward: -3.7130056640015163
reward: -3.2150301609182814
$$$$$$$$$$$$$$$$$$$$$$
action: [ 0.149  0.057  1.000  0.289  0.037  0.665  0.793  0.964  0.354  0.312
  1.000  0.341  0.673  0.292  0.782  0.998  0.270  0.423  0.475  0.284
  0.600  0.293  0.917  0.562  0.482  0.281  0.111  0.656  0.672  0.396
  0.182  0.731  0.716  0.801  0.783  0.542  0.563  0.304  0.726  0.635
  0.000  0.691]
[2023-01-11 08:43:08.888480] app_config generated.
[2023-01-11 08:43:08.889185] 0: carrying out #3 repetition test...
[2023-01-11 08:43:08.889195] 0 - 3: deploying...
[2023-01-11 08:43:42.622332] 0 - 3: done.
[2023-01-11 08:43:42.622392] 0 - 3: setting ...
[2023-01-11 08:43:54.700364] 0 - 3: done.
[2023-01-11 08:44:03.469033] 0 - 3 - 0: testing...
[2023-01-11 08:45:30.367314] 0 - 3 - 0: done.
[2023-01-11 08:45:38.887513] 0 - 3: cleaning up config...
[2023-01-11 08:45:46.444727] 0 - 3: done.
Performance remained!
************train************
current_performance(tps, lat): 19685.814402141816 1006.0
default_performance(tps, lat): 18514.404206472635 1130.2
best_performance(tps, lat):    19685.814402141816 1006.0
*****************************
$$$$$$$$$$$$$$$$$$$$$$
tps_reward: 0
lat_reward: 0
reward: 0.0
$$$$$$$$$$$$$$$$$$$$$$
action: [ 0.076  0.355  1.000  0.342  0.123  0.682  0.676  1.000  0.682  0.585
  0.932  0.392  0.336  0.008  0.714  0.835  0.187  0.827  0.910  0.000
  0.670  0.417  1.000  0.594  0.548  0.386  0.190  0.543  0.611  0.171
  0.287  0.532  0.897  0.721  1.000  0.258  0.329  0.248  0.794  0.707
  0.263  0.868]
[2023-01-11 08:45:46.462778] app_config generated.
[2023-01-11 08:45:46.463472] 0: carrying out #4 repetition test...
[2023-01-11 08:45:46.463482] 0 - 4: deploying...
[2023-01-11 08:46:15.908169] 0 - 4: done.
[2023-01-11 08:46:15.908219] 0 - 4: setting ...
[2023-01-11 08:46:27.927466] 0 - 4: done.
[2023-01-11 08:46:36.683317] 0 - 4 - 0: testing...
[2023-01-11 08:50:07.710914] 0 - 4 - 0: done.
[2023-01-11 08:50:17.477468] 0 - 4: cleaning up config...
[2023-01-11 08:50:27.189997] 0 - 4: done.
Performance remained!
************train************
current_performance(tps, lat): 7753.620940979437 1839.6
default_performance(tps, lat): 18514.404206472635 1130.2
best_performance(tps, lat):    19685.814402141816 1006.0
*****************************
$$$$$$$$$$$$$$$$$$$$$$
tps_reward: -2.4748460399642656
lat_reward: -3.7662723723787397
reward: -3.24970183941295
$$$$$$$$$$$$$$$$$$$$$$
action: [ 0.114  0.490  0.984  0.115  0.194  0.764  0.354  0.884  0.587  0.919
  0.659  0.419  0.461  0.255  0.497  0.823  0.031  0.743  0.952  0.000
  0.582  0.624  0.866  0.760  0.326  0.337  0.000  0.563  0.724  0.236
  0.037  0.607  0.995  0.563  1.000  0.345  0.541  0.650  0.744  0.579
  0.247  0.698]
[2023-01-11 08:50:27.208421] app_config generated.
[2023-01-11 08:50:27.209154] 0: carrying out #5 repetition test...
[2023-01-11 08:50:27.209164] 0 - 5: deploying...
[2023-01-11 08:50:59.920628] 0 - 5: done.
[2023-01-11 08:50:59.920678] 0 - 5: setting ...
[2023-01-11 08:51:13.016565] 0 - 5: done.
[2023-01-11 08:51:21.739191] 0 - 5 - 0: testing...
[2023-01-11 08:54:56.110125] 0 - 5 - 0: done.
[2023-01-11 08:55:05.920034] 0 - 5: cleaning up config...
[2023-01-11 08:55:14.548998] 0 - 5: done.
Performance remained!
************train************
current_performance(tps, lat): 7417.2971369233055 1955.4
default_performance(tps, lat): 18514.404206472635 1130.2
best_performance(tps, lat):    19685.814402141816 1006.0
*****************************
$$$$$$$$$$$$$$$$$$$$$$
tps_reward: -2.5938348731583445
lat_reward: -4.83842922307508
reward: -3.9405914831083857
$$$$$$$$$$$$$$$$$$$$$$
action: [ 0.237  0.352  1.000  0.000  0.328  0.556  0.220  0.725  0.583  0.347
  0.567  0.060  0.754  0.151  0.451  0.926  0.000  0.743  0.963  0.000
  0.629  0.368  0.982  0.902  0.294  0.181  0.000  0.542  0.567  0.254
  0.277  0.476  0.784  0.653  0.627  0.426  0.898  0.605  0.545  0.530
  0.198  0.356]
[2023-01-11 08:55:14.567207] app_config generated.
[2023-01-11 08:55:14.567882] 0: carrying out #6 repetition test...
[2023-01-11 08:55:14.567897] 0 - 6: deploying...
[2023-01-11 08:55:45.000665] 0 - 6: done.
[2023-01-11 08:55:45.000717] 0 - 6: setting ...
[2023-01-11 08:55:57.068355] 0 - 6: done.
[2023-01-11 08:56:05.818332] 0 - 6 - 0: testing...
[2023-01-11 08:59:36.621968] 0 - 6 - 0: done.
[2023-01-11 08:59:46.594282] 0 - 6: cleaning up config...
[2023-01-11 08:59:54.185614] 0 - 6: done.
Performance remained!
************train************
current_performance(tps, lat): 7775.203321566859 1842.6
default_performance(tps, lat): 18514.404206472635 1130.2
best_performance(tps, lat):    19685.814402141816 1006.0
*****************************
$$$$$$$$$$$$$$$$$$$$$$
tps_reward: -2.4673074692060677
lat_reward: -3.7921945213976485
reward: -3.2622397005210164
$$$$$$$$$$$$$$$$$$$$$$
action: [ 0.090  0.498  0.774  0.000  0.531  0.625  0.035  0.708  0.647  0.441
  0.731  0.064  1.000  0.467  0.626  0.747  0.068  0.713  0.825  0.000
  0.237  0.753  1.000  0.853  0.232  0.112  0.000  0.407  0.493  0.130
  0.372  0.447  0.809  0.797  0.647  0.322  0.831  0.341  0.739  0.680
  0.225  0.674]
[2023-01-11 08:59:54.204112] app_config generated.
[2023-01-11 08:59:54.204827] 0: carrying out #7 repetition test...
[2023-01-11 08:59:54.204837] 0 - 7: deploying...
[2023-01-11 09:00:25.807183] 0 - 7: done.
[2023-01-11 09:00:25.807260] 0 - 7: setting ...
[2023-01-11 09:00:37.815984] 0 - 7: done.
[2023-01-11 09:00:46.604652] 0 - 7 - 0: testing...
[2023-01-11 09:04:23.593854] 0 - 7 - 0: done.
[2023-01-11 09:04:33.567163] 0 - 7: cleaning up config...
[2023-01-11 09:04:41.240641] 0 - 7: done.
Performance remained!
************train************
current_performance(tps, lat): 7476.300128592362 1935.6
default_performance(tps, lat): 18514.404206472635 1130.2
best_performance(tps, lat):    19685.814402141816 1006.0
*****************************
$$$$$$$$$$$$$$$$$$$$$$
tps_reward: -2.5727536984336252
lat_reward: -4.644521687205483
reward: -3.81581449169674
$$$$$$$$$$$$$$$$$$$$$$
action: [ 0.044  0.506  0.947  0.000  0.568  0.312  0.197  0.477  0.830  0.286
  0.870  0.298  1.000  0.600  0.585  0.723  0.000  0.512  0.909  0.002
  0.000  0.582  0.637  0.892  0.169  0.356  0.134  0.483  0.666  0.300
  0.309  0.657  0.814  0.815  0.429  0.185  0.920  0.560  0.783  0.559
  0.299  0.897]
[2023-01-11 09:04:41.258645] app_config generated.
[2023-01-11 09:04:41.259322] 0: carrying out #8 repetition test...
[2023-01-11 09:04:41.259332] 0 - 8: deploying...
[2023-01-11 09:05:10.778383] 0 - 8: done.
[2023-01-11 09:05:10.778447] 0 - 8: setting ...
[2023-01-11 09:05:23.773947] 0 - 8: done.
[2023-01-11 09:05:33.564945] 0 - 8 - 0: testing...
[2023-01-11 09:09:04.074111] 0 - 8 - 0: done.
[2023-01-11 09:09:13.966253] 0 - 8: cleaning up config...
[2023-01-11 09:09:21.596261] 0 - 8: done.
Performance remained!
************train************
current_performance(tps, lat): 7692.426037323651 1873.2
default_performance(tps, lat): 18514.404206472635 1130.2
best_performance(tps, lat):    19685.814402141816 1006.0
*****************************
$$$$$$$$$$$$$$$$$$$$$$
tps_reward: -2.496284482095776
lat_reward: -4.062151118631939
reward: -3.435804464017474
$$$$$$$$$$$$$$$$$$$$$$
action: [ 0.000  0.590  0.996  0.000  0.471  0.342  0.317  0.805  0.523  0.541
  0.698  0.382  1.000  0.464  0.331  0.425  0.022  0.653  0.608  0.271
  0.003  0.374  0.365  0.884  0.242  0.182  0.432  0.552  0.534  0.291
  0.435  0.411  0.897  0.937  0.887  0.456  0.853  0.496  0.705  0.518
  0.375  0.624]
[2023-01-11 09:09:21.617951] app_config generated.
[2023-01-11 09:09:21.619028] 0: carrying out #9 repetition test...
[2023-01-11 09:09:21.619045] 0 - 9: deploying...
[2023-01-11 09:09:54.374240] 0 - 9: done.
[2023-01-11 09:09:54.374281] 0 - 9: setting ...
[2023-01-11 09:10:07.469175] 0 - 9: done.
[2023-01-11 09:10:16.206877] 0 - 9 - 0: testing...
[2023-01-11 09:13:51.661519] 0 - 9 - 0: done.
[2023-01-11 09:14:00.564077] 0 - 9: cleaning up config...
[2023-01-11 09:14:08.196185] 0 - 9: done.
Performance remained!
************train************
current_performance(tps, lat): 7673.301514709719 1867.4
default_performance(tps, lat): 18514.404206472635 1130.2
best_performance(tps, lat):    19685.814402141816 1006.0
*****************************
$$$$$$$$$$$$$$$$$$$$$$
tps_reward: -2.503003662604981
lat_reward: -4.010202446794868
reward: -3.4073229331189134
$$$$$$$$$$$$$$$$$$$$$$
action: [ 0.000  0.415  0.889  0.000  0.602  0.400  0.365  0.560  0.289  0.629
  1.000  0.607  1.000  0.563  0.176  0.140  0.214  0.517  1.000  0.377
  0.062  0.360  0.562  0.936  0.348  0.454  0.494  0.920  0.685  0.594
  0.280  0.514  0.590  0.828  0.959  0.541  0.987  0.560  0.979  0.584
  0.516  0.606]
[2023-01-11 09:14:08.214450] app_config generated.
[2023-01-11 09:14:08.215148] 0: carrying out #10 repetition test...
[2023-01-11 09:14:08.215158] 0 - 10: deploying...
[2023-01-11 09:14:38.636883] 0 - 10: done.
[2023-01-11 09:14:38.636946] 0 - 10: setting ...
[2023-01-11 09:14:50.666762] 0 - 10: done.
[2023-01-11 09:15:01.571264] 0 - 10 - 0: testing...
[2023-01-11 09:18:32.479207] 0 - 10 - 0: done.
[2023-01-11 09:18:41.264257] 0 - 10: cleaning up config...
[2023-01-11 09:18:50.052385] 0 - 10: done.
Performance remained!
************train************
current_performance(tps, lat): 7697.04433497537 1848.4
default_performance(tps, lat): 18514.404206472635 1130.2
best_performance(tps, lat):    19685.814402141816 1006.0
*****************************
$$$$$$$$$$$$$$$$$$$$$$
tps_reward: -2.4946632733348753
lat_reward: -3.842584993249004
reward: -3.3034163052833523
$$$$$$$$$$$$$$$$$$$$$$
action: [ 0.000  0.084  1.000  0.000  0.459  0.403  0.206  0.785  0.257  0.560
  1.000  0.418  1.000  0.802  0.477  0.248  0.582  0.896  1.000  0.360
  0.219  0.364  0.669  0.763  0.574  0.316  0.314  0.284  0.344  0.441
  0.379  0.530  0.901  1.000  0.935  0.378  0.817  0.645  0.732  0.451
  0.403  0.287]
[2023-01-11 09:18:50.070996] app_config generated.
[2023-01-11 09:18:50.071774] 0: carrying out #11 repetition test...
[2023-01-11 09:18:50.071785] 0 - 11: deploying...
[2023-01-11 09:19:22.835607] 0 - 11: done.
[2023-01-11 09:19:22.835665] 0 - 11: setting ...
[2023-01-11 09:19:34.922312] 0 - 11: done.
[2023-01-11 09:19:44.770878] 0 - 11 - 0: testing...
[2023-01-11 09:23:19.610338] 0 - 11 - 0: done.
[2023-01-11 09:23:30.536065] 0 - 11: cleaning up config...
[2023-01-11 09:23:39.186740] 0 - 11: done.
Performance remained!
************train************
current_performance(tps, lat): 7610.350076103501 1872.0
default_performance(tps, lat): 18514.404206472635 1130.2
best_performance(tps, lat):    19685.814402141816 1006.0
*****************************
$$$$$$$$$$$$$$$$$$$$$$
tps_reward: -2.5251858621313223
lat_reward: -4.051373010172346
reward: -3.4408981509559364
$$$$$$$$$$$$$$$$$$$$$$
action: [ 0.000  0.617  1.000  0.000  0.188  0.288  0.082  0.736  0.408  0.786
  1.000  0.541  1.000  0.971  0.526  0.394  0.444  1.000  0.913  0.592
  0.420  0.321  1.000  0.640  0.340  0.138  0.000  0.135  0.285  0.939
  0.411  0.475  0.453  0.876  0.614  0.248  0.450  0.733  0.768  0.549
  0.534  0.510]
[2023-01-11 09:23:39.204930] app_config generated.
[2023-01-11 09:23:39.205614] 0: carrying out #12 repetition test...
[2023-01-11 09:23:39.205624] 0 - 12: deploying...
[2023-01-11 09:24:10.774084] 0 - 12: done.
[2023-01-11 09:24:10.774130] 0 - 12: setting ...
[2023-01-11 09:24:22.741180] 0 - 12: done.
[2023-01-11 09:24:31.495134] 0 - 12 - 0: testing...
[2023-01-11 09:27:59.788820] 0 - 12 - 0: done.
[2023-01-11 09:28:09.601145] 0 - 12: cleaning up config...
[2023-01-11 09:28:18.373416] 0 - 12: done.
Performance remained!
************train************
current_performance(tps, lat): 7801.772562726252 1811.8
default_performance(tps, lat): 18514.404206472635 1130.2
best_performance(tps, lat):    19685.814402141816 1006.0
*****************************
$$$$$$$$$$$$$$$$$$$$$$
tps_reward: -2.4580430431899365
lat_reward: -3.5306319095050207
reward: -3.101596362978987
$$$$$$$$$$$$$$$$$$$$$$
action: [ 0.000  0.657  1.000  0.000  0.244  0.355  0.062  0.519  0.276  0.728
  0.979  0.753  1.000  1.000  0.781  0.499  0.351  1.000  1.000  0.671
  0.437  0.374  1.000  0.671  0.517  0.030  0.000  0.000  0.296  1.000
  0.307  0.387  0.327  1.000  0.460  0.447  0.430  0.570  0.939  1.000
  0.319  0.454]
[2023-01-11 09:28:18.391565] app_config generated.
[2023-01-11 09:28:18.392241] 0: carrying out #13 repetition test...
[2023-01-11 09:28:18.392253] 0 - 13: deploying...
[2023-01-11 09:28:49.967892] 0 - 13: done.
[2023-01-11 09:28:49.967930] 0 - 13: setting ...
[2023-01-11 09:29:02.911552] 0 - 13: done.
[2023-01-11 09:29:12.801542] 0 - 13 - 0: testing...
[2023-01-11 09:32:46.054415] 0 - 13 - 0: done.
[2023-01-11 09:32:54.747421] 0 - 13: cleaning up config...
[2023-01-11 09:33:02.456327] 0 - 13: done.
Performance remained!
************train************
current_performance(tps, lat): 7592.783818259127 1877.2
default_performance(tps, lat): 18514.404206472635 1130.2
best_performance(tps, lat):    19685.814402141816 1006.0
*****************************
$$$$$$$$$$$$$$$$$$$$$$
tps_reward: -2.5313934797013036
lat_reward: -4.098191793054803
reward: -3.4714724677134035
$$$$$$$$$$$$$$$$$$$$$$
action: [ 0.000  0.319  0.919  0.000  0.289  0.191  0.307  0.603  0.375  0.668
  1.000  0.880  1.000  0.753  0.463  0.694  0.761  1.000  0.906  0.773
  0.537  0.253  1.000  0.684  0.663  0.000  0.000  0.049  0.334  1.000
  0.268  0.535  0.257  0.883  0.781  0.162  0.284  0.870  0.828  1.000
  0.478  0.614]
[2023-01-11 09:33:02.475214] app_config generated.
[2023-01-11 09:33:02.475925] 0: carrying out #14 repetition test...
[2023-01-11 09:33:02.475936] 0 - 14: deploying...
[2023-01-11 09:33:32.025499] 0 - 14: done.
[2023-01-11 09:33:32.025545] 0 - 14: setting ...
[2023-01-11 09:33:46.215850] 0 - 14: done.
[2023-01-11 09:33:54.959627] 0 - 14 - 0: testing...
[2023-01-11 09:37:25.923592] 0 - 14 - 0: done.
[2023-01-11 09:37:35.791630] 0 - 14: cleaning up config...
[2023-01-11 09:37:43.352258] 0 - 14: done.
Performance remained!
************train************
current_performance(tps, lat): 7683.914493399518 1886.2
default_performance(tps, lat): 18514.404206472635 1130.2
best_performance(tps, lat):    19685.814402141816 1006.0
*****************************
$$$$$$$$$$$$$$$$$$$$$$
tps_reward: -2.4992737804670395
lat_reward: -4.179924185040136
reward: -3.5076640232108973
$$$$$$$$$$$$$$$$$$$$$$
action: [ 0.002  0.546  0.885  0.000  0.079  0.000  0.361  0.674  0.206  0.739
  1.000  0.706  0.992  0.435  0.623  1.000  0.824  0.917  0.593  0.806
  0.489  0.168  1.000  0.432  0.579  0.000  0.000  0.489  0.179  1.000
  0.631  0.283  0.269  0.913  0.709  0.174  0.262  0.727  0.721  1.000
  0.733  0.784]
[2023-01-11 09:37:43.370452] app_config generated.
[2023-01-11 09:37:43.371113] 0: carrying out #15 repetition test...
[2023-01-11 09:37:43.371123] 0 - 15: deploying...
[2023-01-11 09:38:14.900099] 0 - 15: done.
[2023-01-11 09:38:14.900141] 0 - 15: setting ...
[2023-01-11 09:38:26.784869] 0 - 15: done.
[2023-01-11 09:38:35.608950] 0 - 15 - 0: testing...
[2023-01-11 09:42:10.893080] 0 - 15 - 0: done.
[2023-01-11 09:42:21.702642] 0 - 15: cleaning up config...
[2023-01-11 09:42:30.369397] 0 - 15: done.
Performance remained!
************train************
current_performance(tps, lat): 7630.442413051109 1876.0
default_performance(tps, lat): 18514.404206472635 1130.2
best_performance(tps, lat):    19685.814402141816 1006.0
*****************************
$$$$$$$$$$$$$$$$$$$$$$
tps_reward: -2.5180950949910184
lat_reward: -4.087361219430942
reward: -3.4596547696549727
$$$$$$$$$$$$$$$$$$$$$$
action: [ 0.008  0.339  1.000  0.000  0.531  0.194  0.530  0.776  0.000  0.928
  0.999  0.642  1.000  0.537  0.536  0.883  0.661  1.000  0.706  0.827
  0.380  0.245  1.000  0.704  0.350  0.160  0.000  0.425  0.284  1.000
  0.397  0.385  0.169  1.000  0.736  0.342  0.564  0.850  0.814  0.848
  0.789  0.474]
[2023-01-11 09:42:30.388337] app_config generated.
[2023-01-11 09:42:30.389040] 0: carrying out #16 repetition test...
[2023-01-11 09:42:30.389050] 0 - 16: deploying...
[2023-01-11 09:43:01.350936] 0 - 16: done.
[2023-01-11 09:43:01.350985] 0 - 16: setting ...
[2023-01-11 09:43:14.288381] 0 - 16: done.
[2023-01-11 09:43:24.122480] 0 - 16 - 0: testing...
[2023-01-11 09:46:53.289043] 0 - 16 - 0: done.
[2023-01-11 09:47:02.066474] 0 - 16: cleaning up config...
[2023-01-11 09:47:09.680543] 0 - 16: done.
Performance remained!
************train************
current_performance(tps, lat): 7813.598787329468 1824.4
default_performance(tps, lat): 18514.404206472635 1130.2
best_performance(tps, lat):    19685.814402141816 1006.0
*****************************
$$$$$$$$$$$$$$$$$$$$$$
tps_reward: -2.4539250402067116
lat_reward: -3.6364138477696955
reward: -3.1634183247445016
$$$$$$$$$$$$$$$$$$$$$$
action: [ 0.000  0.288  1.000  0.000  0.519  0.245  0.435  0.673  0.000  0.940
  1.000  0.484  0.790  0.295  0.314  0.763  0.744  0.823  0.825  0.708
  0.241  0.169  0.822  0.714  0.654  0.347  0.000  0.268  0.693  0.803
  0.624  0.426  0.015  1.000  1.000  0.465  0.725  0.825  0.666  0.469
  0.888  0.483]
[2023-01-11 09:47:09.698944] app_config generated.
[2023-01-11 09:47:09.699606] 0: carrying out #17 repetition test...
[2023-01-11 09:47:09.699617] 0 - 17: deploying...
[2023-01-11 09:47:41.205297] 0 - 17: done.
[2023-01-11 09:47:41.205338] 0 - 17: setting ...
[2023-01-11 09:47:53.267882] 0 - 17: done.
[2023-01-11 09:48:04.062765] 0 - 17 - 0: testing...
[2023-01-11 09:51:39.105287] 0 - 17 - 0: done.
[2023-01-11 09:51:48.949844] 0 - 17: cleaning up config...
[2023-01-11 09:51:56.535358] 0 - 17: done.
Performance remained!
************train************
current_performance(tps, lat): 7623.229504947476 1894.8
default_performance(tps, lat): 18514.404206472635 1130.2
best_performance(tps, lat):    19685.814402141816 1006.0
*****************************
$$$$$$$$$$$$$$$$$$$$$$
tps_reward: -2.520639426457102
lat_reward: -4.2588562868988245
reward: -3.563569542722136
$$$$$$$$$$$$$$$$$$$$$$
action: [ 0.000  0.265  1.000  0.000  0.760  0.245  0.301  0.304  0.300  0.499
  1.000  0.317  0.968  0.068  0.460  0.938  0.548  0.963  0.552  0.895
  0.339  0.467  0.580  0.726  0.536  0.190  0.000  0.463  0.697  0.620
  0.794  0.475  0.212  0.948  1.000  0.650  0.649  0.815  0.673  0.429
  0.861  0.501]
[2023-01-11 09:51:56.553652] app_config generated.
[2023-01-11 09:51:56.554391] 0: carrying out #18 repetition test...
[2023-01-11 09:51:56.554402] 0 - 18: deploying...
[2023-01-11 09:52:27.432092] 0 - 18: done.
[2023-01-11 09:52:27.432138] 0 - 18: setting ...
[2023-01-11 09:52:39.433744] 0 - 18: done.
[2023-01-11 09:52:48.160631] 0 - 18 - 0: testing...
[2023-01-11 09:56:20.343803] 0 - 18 - 0: done.
[2023-01-11 09:56:30.220475] 0 - 18: cleaning up config...
[2023-01-11 09:56:37.892108] 0 - 18: done.
Performance remained!
************train************
current_performance(tps, lat): 7664.127285825963 1882.8
default_performance(tps, lat): 18514.404206472635 1130.2
best_performance(tps, lat):    19685.814402141816 1006.0
*****************************
$$$$$$$$$$$$$$$$$$$$$$
tps_reward: -2.506230183250038
lat_reward: -4.148943033252149
reward: -3.4918578932513045
$$$$$$$$$$$$$$$$$$$$$$
action: [ 0.222  0.216  0.915  0.000  0.893  0.178  0.354  0.431  0.808  0.343
  0.853  0.472  0.954  0.420  0.508  1.000  0.759  0.362  0.209  1.000
  0.281  0.310  0.440  0.763  0.547  0.403  0.009  0.540  0.845  0.647
  1.000  0.499  0.039  0.893  0.818  0.692  0.799  1.000  0.447  0.578
  0.783  0.591]
[2023-01-11 09:56:37.910789] app_config generated.
[2023-01-11 09:56:37.911479] 0: carrying out #19 repetition test...
[2023-01-11 09:56:37.911489] 0 - 19: deploying...
[2023-01-11 09:57:09.448973] 0 - 19: done.
[2023-01-11 09:57:09.449019] 0 - 19: setting ...
[2023-01-11 09:57:21.380862] 0 - 19: done.
[2023-01-11 09:57:31.160870] 0 - 19 - 0: testing...
[2023-01-11 09:59:00.272973] 0 - 19 - 0: done.
[2023-01-11 09:59:09.804534] 0 - 19: cleaning up config...
[2023-01-11 09:59:17.429024] 0 - 19: done.
Performance remained!
************train************
current_performance(tps, lat): 19592.476489028213 1078.2
default_performance(tps, lat): 18514.404206472635 1130.2
best_performance(tps, lat):    19685.814402141816 1006.0
*****************************
$$$$$$$$$$$$$$$$$$$$$$
tps_reward: 0
lat_reward: 0
reward: 0.0
$$$$$$$$$$$$$$$$$$$$$$
action: [ 0.006  0.456  1.000  0.000  0.413  0.269  0.000  0.860  0.504  0.271
  0.848  0.774  1.000  0.085  0.733  1.000  0.785  0.401  0.138  0.923
  0.432  0.398  0.000  0.623  0.558  0.534  0.343  0.879  0.748  0.438
  1.000  0.515  0.018  0.854  0.418  0.583  0.907  1.000  0.346  0.702
  0.804  0.869]
[2023-01-11 09:59:17.447427] app_config generated.
[2023-01-11 09:59:17.448098] 0: carrying out #20 repetition test...
[2023-01-11 09:59:17.448108] 0 - 20: deploying...
[2023-01-11 09:59:48.302122] 0 - 20: done.
[2023-01-11 09:59:48.302167] 0 - 20: setting ...
[2023-01-11 10:00:00.260094] 0 - 20: done.
[2023-01-11 10:00:09.000094] 0 - 20 - 0: testing...
[2023-01-11 10:01:34.388138] 0 - 20 - 0: done.
[2023-01-11 10:01:42.920370] 0 - 20: cleaning up config...
[2023-01-11 10:01:50.613194] 0 - 20: done.
Performance remained!
************train************
current_performance(tps, lat): 20630.46707377455 924.2
default_performance(tps, lat): 18514.404206472635 1130.2
best_performance(tps, lat):    20630.46707377455 924.2
*****************************
$$$$$$$$$$$$$$$$$$$$$$
tps_reward: 0
lat_reward: 0
reward: 0.0
$$$$$$$$$$$$$$$$$$$$$$
action: [ 0.198  0.567  1.000  0.430  0.400  0.265  0.000  0.969  0.601  0.438
  1.000  0.706  1.000  0.161  0.737  1.000  0.906  0.306  0.493  0.727
  0.202  0.346  0.314  0.591  0.457  0.605  0.262  1.000  0.737  0.526
  0.889  0.718  0.000  0.442  0.517  0.900  0.890  1.000  0.101  0.934
  0.841  0.588]
[2023-01-11 10:01:50.632689] app_config generated.
[2023-01-11 10:01:50.633366] 0: carrying out #21 repetition test...
[2023-01-11 10:01:50.633377] 0 - 21: deploying...
[2023-01-11 10:02:22.192725] 0 - 21: done.
[2023-01-11 10:02:22.192808] 0 - 21: setting ...
[2023-01-11 10:02:34.188084] 0 - 21: done.
[2023-01-11 10:02:42.912761] 0 - 21 - 0: testing...
[2023-01-11 10:04:11.063936] 0 - 21 - 0: done.
[2023-01-11 10:04:19.559991] 0 - 21: cleaning up config...
[2023-01-11 10:04:27.137269] 0 - 21: done.
Performance remained!
************train************
current_performance(tps, lat): 19956.096587507483 980.2
default_performance(tps, lat): 18514.404206472635 1130.2
best_performance(tps, lat):    20630.46707377455 924.2
*****************************
$$$$$$$$$$$$$$$$$$$$$$
tps_reward: 0
lat_reward: 0
reward: 0.0
$$$$$$$$$$$$$$$$$$$$$$
action: [ 0.000  0.564  0.577  0.516  0.440  0.636  0.000  0.970  0.679  0.348
  0.985  0.630  0.939  0.532  1.000  1.000  1.000  0.376  0.380  0.652
  0.296  0.105  0.500  0.520  0.440  0.545  0.440  1.000  0.579  0.418
  1.000  0.886  0.003  0.711  0.400  0.636  0.814  1.000  0.284  0.412
  0.565  0.718]
[2023-01-11 10:04:27.155496] app_config generated.
[2023-01-11 10:04:27.156154] 0: carrying out #22 repetition test...
[2023-01-11 10:04:27.156164] 0 - 22: deploying...
[2023-01-11 10:04:57.997947] 0 - 22: done.
[2023-01-11 10:04:57.997991] 0 - 22: setting ...
[2023-01-11 10:05:09.917058] 0 - 22: done.
[2023-01-11 10:05:19.709877] 0 - 22 - 0: testing...
[2023-01-11 10:06:46.384729] 0 - 22 - 0: done.
[2023-01-11 10:06:57.063972] 0 - 22: cleaning up config...
[2023-01-11 10:07:04.656040] 0 - 22: done.
Performance remained!
************train************
current_performance(tps, lat): 20761.533031599054 919.0
default_performance(tps, lat): 18514.404206472635 1130.2
best_performance(tps, lat):    20761.533031599054 919.0
*****************************
$$$$$$$$$$$$$$$$$$$$$$
tps_reward: 0
lat_reward: 0
reward: 0.0
$$$$$$$$$$$$$$$$$$$$$$
action: [ 0.000  0.532  0.699  0.784  0.550  0.840  0.065  1.000  0.481  0.388
  0.926  0.732  0.995  0.525  1.000  1.000  1.000  0.426  0.386  0.731
  0.490  0.113  0.600  0.542  0.783  0.463  0.352  0.799  0.396  1.000
  0.928  0.929  0.220  0.774  0.548  0.554  1.000  1.000  0.421  0.486
  0.877  0.808]
[2023-01-11 10:07:04.674485] app_config generated.
[2023-01-11 10:07:04.675203] 0: carrying out #23 repetition test...
[2023-01-11 10:07:04.675213] 0 - 23: deploying...
[2023-01-11 10:07:35.416468] 0 - 23: done.
[2023-01-11 10:07:35.416528] 0 - 23: setting ...
[2023-01-11 10:07:47.268695] 0 - 23: done.
[2023-01-11 10:07:55.988401] 0 - 23 - 0: testing...
[2023-01-11 10:09:24.173223] 0 - 23 - 0: done.
[2023-01-11 10:09:32.682232] 0 - 23: cleaning up config...
[2023-01-11 10:09:41.368388] 0 - 23: done.
Performance remained!
************train************
current_performance(tps, lat): 19632.479974870424 1073.6
default_performance(tps, lat): 18514.404206472635 1130.2
best_performance(tps, lat):    20761.533031599054 919.0
*****************************
$$$$$$$$$$$$$$$$$$$$$$
tps_reward: 0
lat_reward: 0
reward: 0.0
$$$$$$$$$$$$$$$$$$$$$$
action: [ 0.000  0.528  0.773  0.757  0.345  0.520  0.535  1.000  0.657  0.255
  0.873  0.455  1.000  0.247  0.859  0.961  1.000  0.157  0.552  0.535
  0.562  0.163  0.402  0.467  0.694  0.340  0.359  0.258  0.651  0.789
  1.000  0.845  0.094  0.545  0.521  0.506  1.000  0.955  0.836  0.401
  1.000  0.833]
[2023-01-11 10:09:41.386698] app_config generated.
[2023-01-11 10:09:41.387379] 0: carrying out #24 repetition test...
[2023-01-11 10:09:41.387389] 0 - 24: deploying...
[2023-01-11 10:10:12.894433] 0 - 24: done.
[2023-01-11 10:10:12.894491] 0 - 24: setting ...
[2023-01-11 10:10:24.857763] 0 - 24: done.
[2023-01-11 10:10:34.586747] 0 - 24 - 0: testing...
[2023-01-11 10:14:02.129989] 0 - 24 - 0: done.
[2023-01-11 10:14:11.884778] 0 - 24: cleaning up config...
[2023-01-11 10:14:20.415247] 0 - 24: done.
Performance remained!
************train************
current_performance(tps, lat): 7978.299026647519 1773.0
default_performance(tps, lat): 18514.404206472635 1130.2
best_performance(tps, lat):    20761.533031599054 919.0
*****************************
$$$$$$$$$$$$$$$$$$$$$$
tps_reward: -2.396937903517482
lat_reward: -3.215373998110228
reward: -2.8879995602731294
$$$$$$$$$$$$$$$$$$$$$$
action: [ 0.000  0.919  0.893  0.446  0.413  0.547  0.406  0.975  0.765  0.074
  0.741  0.261  1.000  0.324  0.972  0.448  0.562  0.000  0.671  0.361
  0.363  0.280  0.326  0.449  0.801  0.337  0.628  0.000  0.742  0.666
  1.000  0.659  0.102  0.554  0.718  0.513  0.965  0.628  0.897  0.483
  1.000  0.633]
[2023-01-11 10:14:20.433364] app_config generated.
[2023-01-11 10:14:20.434076] 0: carrying out #25 repetition test...
[2023-01-11 10:14:20.434087] 0 - 25: deploying...
[2023-01-11 10:14:52.859355] 0 - 25: done.
[2023-01-11 10:14:52.859391] 0 - 25: setting ...
[2023-01-11 10:15:05.652352] 0 - 25: done.
[2023-01-11 10:15:14.414819] 0 - 25 - 0: testing...
[2023-01-11 10:25:47.907291] 0 - 25 - 0: done.
[2023-01-11 10:25:56.921494] 0 - 25: cleaning up config...
[2023-01-11 10:26:04.500170] 0 - 25: done.
Performance remained!
************train************
current_performance(tps, lat): 2841.312686461145 3984.8
default_performance(tps, lat): 18514.404206472635 1130.2
best_performance(tps, lat):    20761.533031599054 919.0
*****************************
$$$$$$$$$$$$$$$$$$$$$$
tps_reward: -4.51000874410418
lat_reward: -56.54150507407709
reward: -35.72890654208793
$$$$$$$$$$$$$$$$$$$$$$
action: [ 0.000  0.741  0.748  0.412  0.000  0.759  0.651  1.000  1.000  0.219
  0.598  0.279  0.904  0.627  0.725  0.272  0.665  0.000  0.874  0.459
  0.322  0.252  0.246  0.571  0.537  0.348  0.805  0.120  0.417  0.706
  1.000  0.827  0.472  0.826  0.852  0.301  0.896  0.475  0.996  0.555
  0.948  0.694]
[2023-01-11 10:26:04.518600] app_config generated.
[2023-01-11 10:26:04.519256] 0: carrying out #26 repetition test...
[2023-01-11 10:26:04.519266] 0 - 26: deploying...
[2023-01-11 10:26:37.954497] 0 - 26: done.
[2023-01-11 10:26:37.954554] 0 - 26: setting ...
[2023-01-11 10:26:49.870814] 0 - 26: done.
[2023-01-11 10:26:59.673019] 0 - 26 - 0: testing...
[2023-01-11 10:37:27.223069] 0 - 26 - 0: done.
[2023-01-11 10:37:37.223351] 0 - 26: cleaning up config...
[2023-01-11 10:37:44.809498] 0 - 26: done.
Performance remained!
************train************
current_performance(tps, lat): 2870.2311110090586 3957.2
default_performance(tps, lat): 18514.404206472635 1130.2
best_performance(tps, lat):    20761.533031599054 919.0
*****************************
$$$$$$$$$$$$$$$$$$$$$$
tps_reward: -4.496075945241982
lat_reward: -55.3069400521625
reward: -34.982594409394295
$$$$$$$$$$$$$$$$$$$$$$
action: [ 0.000  0.557  0.679  0.386  0.000  0.999  0.391  1.000  1.000  0.000
  0.718  0.000  0.953  0.604  0.355  0.156  0.811  0.000  0.992  0.592
  0.341  0.534  0.249  0.668  0.568  0.539  0.610  0.069  0.334  0.621
  1.000  0.785  0.484  0.633  1.000  0.125  0.784  0.574  0.661  0.630
  0.687  0.746]
[2023-01-11 10:37:44.829158] app_config generated.
[2023-01-11 10:37:44.829956] 0: carrying out #27 repetition test...
[2023-01-11 10:37:44.829972] 0 - 27: deploying...
[2023-01-11 10:38:18.459985] 0 - 27: done.
[2023-01-11 10:38:18.460051] 0 - 27: setting ...
[2023-01-11 10:38:30.323306] 0 - 27: done.
[2023-01-11 10:38:39.006561] 0 - 27 - 0: testing...
[2023-01-11 10:49:14.755822] 0 - 27 - 0: done.
[2023-01-11 10:49:23.741518] 0 - 27: cleaning up config...
[2023-01-11 10:49:31.401183] 0 - 27: done.
Performance remained!
************train************
current_performance(tps, lat): 2841.6840956624533 4020.6
default_performance(tps, lat): 18514.404206472635 1130.2
best_performance(tps, lat):    20761.533031599054 919.0
*****************************
$$$$$$$$$$$$$$$$$$$$$$
tps_reward: -4.5098296469966686
lat_reward: -58.16924680352937
reward: -36.70547994091629
$$$$$$$$$$$$$$$$$$$$$$
action: [ 0.000  0.301  0.687  0.074  0.010  0.853  0.576  1.000  0.818  0.286
  0.837  0.000  0.886  0.504  0.319  0.164  0.706  0.000  0.802  0.697
  0.348  0.000  0.206  0.559  0.395  0.541  0.736  0.060  0.379  0.619
  0.836  0.639  0.634  0.517  1.000  0.041  0.699  0.601  0.822  0.484
  0.754  1.000]
[2023-01-11 10:49:31.419906] app_config generated.
[2023-01-11 10:49:31.420596] 0: carrying out #28 repetition test...
[2023-01-11 10:49:31.420607] 0 - 28: deploying...
[2023-01-11 10:50:02.990686] 0 - 28: done.
[2023-01-11 10:50:02.990729] 0 - 28: setting ...
[2023-01-11 10:50:14.765389] 0 - 28: done.
[2023-01-11 10:50:25.526681] 0 - 28 - 0: testing...
[2023-01-11 11:00:44.907081] 0 - 28 - 0: done.
[2023-01-11 11:00:53.897893] 0 - 28: cleaning up config...
[2023-01-11 11:01:03.481012] 0 - 28: done.
Performance remained!
************train************
current_performance(tps, lat): 2944.5020258173936 3918.0
default_performance(tps, lat): 18514.404206472635 1130.2
best_performance(tps, lat):    20761.533031599054 919.0
*****************************
$$$$$$$$$$$$$$$$$$$$$$
tps_reward: -4.460403259849681
lat_reward: -53.58367973154017
reward: -33.93436914286398
$$$$$$$$$$$$$$$$$$$$$$
action: [ 0.000  0.400  0.707  0.000  0.542  0.722  0.666  1.000  0.577  0.514
  0.802  0.000  0.800  0.467  0.272  0.453  0.575  0.000  1.000  0.755
  0.337  0.297  0.471  0.456  0.551  0.241  0.483  0.242  0.153  0.433
  0.841  0.684  0.618  0.305  1.000  0.035  0.657  0.395  0.826  0.641
  0.839  0.723]
[2023-01-11 11:01:03.499318] app_config generated.
[2023-01-11 11:01:03.499998] 0: carrying out #29 repetition test...
[2023-01-11 11:01:03.500008] 0 - 29: deploying...
[2023-01-11 11:01:37.904955] 0 - 29: done.
[2023-01-11 11:01:37.905019] 0 - 29: setting ...
[2023-01-11 11:01:49.713677] 0 - 29: done.
[2023-01-11 11:01:58.433102] 0 - 29 - 0: testing...
[2023-01-11 11:12:34.288562] 0 - 29 - 0: done.
[2023-01-11 11:12:44.233925] 0 - 29: cleaning up config...
[2023-01-11 11:12:51.816143] 0 - 29: done.
Performance remained!
************train************
current_performance(tps, lat): 2821.2246371905117 4009.6
default_performance(tps, lat): 18514.404206472635 1130.2
best_performance(tps, lat):    20761.533031599054 919.0
*****************************
$$$$$$$$$$$$$$$$$$$$$$
tps_reward: -4.519701345126183
lat_reward: -57.66591748666214
reward: -36.40743103004776
$$$$$$$$$$$$$$$$$$$$$$
action: [ 0.031  0.393  0.856  0.104  0.739  0.325  0.756  1.000  0.441  0.432
  0.685  0.270  0.715  0.354  0.481  0.339  0.425  0.000  0.801  0.711
  0.000  0.403  0.541  0.613  0.491  0.535  0.297  0.405  0.118  0.531
  0.839  0.842  1.000  0.218  1.000  0.573  0.437  0.710  1.000  0.411
  0.710  1.000]
[2023-01-11 11:12:51.836463] app_config generated.
[2023-01-11 11:12:51.837161] 0: carrying out #30 repetition test...
[2023-01-11 11:12:51.837170] 0 - 30: deploying...
[2023-01-11 11:13:24.152580] 0 - 30: done.
[2023-01-11 11:13:24.152631] 0 - 30: setting ...
[2023-01-11 11:13:35.968138] 0 - 30: done.
[2023-01-11 11:13:45.736330] 0 - 30 - 0: testing...
[2023-01-11 11:24:11.906537] 0 - 30 - 0: done.
[2023-01-11 11:24:20.774680] 0 - 30: cleaning up config...
[2023-01-11 11:24:29.336090] 0 - 30: done.
Performance remained!
************train************
current_performance(tps, lat): 2855.0382860634163 3976.6
default_performance(tps, lat): 18514.404206472635 1130.2
best_performance(tps, lat):    20761.533031599054 919.0
*****************************
$$$$$$$$$$$$$$$$$$$$$$
tps_reward: -4.503392779815115
lat_reward: -56.172871502981316
reward: -35.50508001371483
$$$$$$$$$$$$$$$$$$$$$$
action: [ 0.461  0.486  0.663  0.000  0.634  0.256  0.788  0.680  0.413  0.302
  0.599  0.041  1.000  0.381  0.453  0.395  0.153  0.000  0.464  0.588
  0.000  0.186  0.514  0.603  0.473  0.391  0.510  0.411  0.344  0.412
  0.613  0.713  0.960  0.014  0.976  0.729  0.414  0.741  1.000  0.662
  0.398  0.788]
[2023-01-11 11:24:29.354944] app_config generated.
[2023-01-11 11:24:29.355629] 0: carrying out #31 repetition test...
[2023-01-11 11:24:29.355639] 0 - 31: deploying...
[2023-01-11 11:25:03.865143] 0 - 31: done.
[2023-01-11 11:25:03.865194] 0 - 31: setting ...
[2023-01-11 11:25:16.718449] 0 - 31: done.
[2023-01-11 11:25:27.448154] 0 - 31 - 0: testing...
[2023-01-11 11:26:59.525590] 0 - 31 - 0: done.
[2023-01-11 11:27:09.020638] 0 - 31: cleaning up config...
[2023-01-11 11:27:17.606492] 0 - 31: done.
Performance remained!
************train************
current_performance(tps, lat): 19726.200339290644 1004.0
default_performance(tps, lat): 18514.404206472635 1130.2
best_performance(tps, lat):    20761.533031599054 919.0
*****************************
$$$$$$$$$$$$$$$$$$$$$$
tps_reward: 0
lat_reward: 0
reward: 0.0
$$$$$$$$$$$$$$$$$$$$$$
action: [ 0.524  0.530  0.557  0.051  1.000  0.505  0.810  0.462  0.146  0.355
  0.712  0.195  0.898  0.070  0.511  0.360  0.000  0.079  0.670  0.826
  0.067  0.225  0.731  0.646  0.688  0.490  0.479  0.309  0.355  0.418
  0.928  0.583  0.673  0.042  1.000  1.000  0.726  0.847  1.000  0.759
  0.512  0.681]
[2023-01-11 11:27:17.625471] app_config generated.
[2023-01-11 11:27:17.626167] 0: carrying out #32 repetition test...
[2023-01-11 11:27:17.626177] 0 - 32: deploying...
[2023-01-11 11:27:46.963494] 0 - 32: done.
[2023-01-11 11:27:46.963558] 0 - 32: setting ...
[2023-01-11 11:27:58.881306] 0 - 32: done.
[2023-01-11 11:28:07.585769] 0 - 32 - 0: testing...
[2023-01-11 11:38:27.863261] 0 - 32 - 0: done.
[2023-01-11 11:38:36.937720] 0 - 32: cleaning up config...
[2023-01-11 11:38:46.501161] 0 - 32: done.
Performance remained!
************train************
current_performance(tps, lat): 2993.4742261869123 3884.8
default_performance(tps, lat): 18514.404206472635 1130.2
best_performance(tps, lat):    20761.533031599054 919.0
*****************************
$$$$$$$$$$$$$$$$$$$$$$
tps_reward: -4.436968798598351
lat_reward: -52.15165344518256
reward: -33.06577958654888
$$$$$$$$$$$$$$$$$$$$$$
action: [ 0.616  0.742  0.305  0.000  0.858  0.477  0.877  0.663  0.000  0.325
  1.000  0.157  0.645  0.047  0.727  0.185  0.274  0.486  0.490  0.827
  0.185  0.266  0.781  0.519  0.628  0.863  0.700  0.237  0.364  0.381
  1.000  0.486  0.821  0.264  0.966  0.947  0.454  1.000  1.000  0.995
  0.445  0.569]
[2023-01-11 11:38:46.521501] app_config generated.
[2023-01-11 11:38:46.522438] 0: carrying out #33 repetition test...
[2023-01-11 11:38:46.522453] 0 - 33: deploying...
[2023-01-11 11:39:18.986705] 0 - 33: done.
[2023-01-11 11:39:18.986762] 0 - 33: setting ...
[2023-01-11 11:39:30.683992] 0 - 33: done.
[2023-01-11 11:39:40.446003] 0 - 33 - 0: testing...
[2023-01-11 11:41:08.870871] 0 - 33 - 0: done.
[2023-01-11 11:41:17.327362] 0 - 33: cleaning up config...
[2023-01-11 11:41:25.866382] 0 - 33: done.
Performance remained!
************train************
current_performance(tps, lat): 19882.296802926674 951.4
default_performance(tps, lat): 18514.404206472635 1130.2
best_performance(tps, lat):    20761.533031599054 919.0
*****************************
$$$$$$$$$$$$$$$$$$$$$$
tps_reward: 0
lat_reward: 0
reward: 0.0
$$$$$$$$$$$$$$$$$$$$$$
action: [ 0.410  0.589  0.738  0.122  0.819  0.683  0.930  0.862  0.000  0.281
  1.000  0.094  0.398  0.000  0.552  0.598  0.339  0.530  0.780  0.632
  0.411  0.277  0.524  0.649  0.573  1.000  1.000  0.468  0.248  0.671
  0.845  0.534  0.951  0.334  0.962  1.000  0.600  1.000  0.590  0.644
  0.556  0.603]
[2023-01-11 11:41:25.884942] app_config generated.
[2023-01-11 11:41:25.885599] 0: carrying out #34 repetition test...
[2023-01-11 11:41:25.885708] 0 - 34: deploying...
[2023-01-11 11:41:56.190334] 0 - 34: done.
[2023-01-11 11:41:56.190386] 0 - 34: setting ...
[2023-01-11 11:42:08.065724] 0 - 34: done.
[2023-01-11 11:42:16.819256] 0 - 34 - 0: testing...
[2023-01-11 11:45:44.547893] 0 - 34 - 0: done.
[2023-01-11 11:45:54.300925] 0 - 34: cleaning up config...
[2023-01-11 11:46:01.860428] 0 - 34: done.
Performance remained!
************train************
current_performance(tps, lat): 7954.436984950205 1767.4
default_performance(tps, lat): 18514.404206472635 1130.2
best_performance(tps, lat):    20761.533031599054 919.0
*****************************
$$$$$$$$$$$$$$$$$$$$$$
tps_reward: -2.405152397071999
lat_reward: -3.1711660788050398
reward: -2.8647606061118234
$$$$$$$$$$$$$$$$$$$$$$
action: [ 0.650  0.547  0.777  0.225  0.880  0.568  0.971  0.670  0.226  0.506
  1.000  0.089  0.466  0.143  0.554  1.000  0.289  0.500  0.790  0.686
  0.579  0.498  0.558  0.381  0.544  1.000  0.926  0.322  0.048  0.528
  0.737  0.410  0.851  0.057  0.623  0.961  0.294  0.738  0.392  0.762
  0.841  0.473]
[2023-01-11 11:46:01.879427] app_config generated.
[2023-01-11 11:46:01.880088] 0: carrying out #35 repetition test...
[2023-01-11 11:46:01.880097] 0 - 35: deploying...
[2023-01-11 11:46:33.297542] 0 - 35: done.
[2023-01-11 11:46:33.297579] 0 - 35: setting ...
[2023-01-11 11:46:46.143992] 0 - 35: done.
[2023-01-11 11:46:54.815032] 0 - 35 - 0: testing...
[2023-01-11 11:50:26.266004] 0 - 35 - 0: done.
[2023-01-11 11:50:36.012166] 0 - 35: cleaning up config...
[2023-01-11 11:50:43.572359] 0 - 35: done.
Performance remained!
************train************
current_performance(tps, lat): 7662.013270606984 1867.2
default_performance(tps, lat): 18514.404206472635 1130.2
best_performance(tps, lat):    20761.533031599054 919.0
*****************************
$$$$$$$$$$$$$$$$$$$$$$
tps_reward: -2.5069739694265682
lat_reward: -4.008417652770516
reward: -3.407840179432937
$$$$$$$$$$$$$$$$$$$$$$
action: [ 0.648  0.577  0.841  0.000  1.000  0.502  0.765  0.572  0.000  0.316
  1.000  0.298  0.502  0.000  0.422  0.929  0.359  0.494  0.892  0.514
  0.723  0.590  0.560  0.426  0.551  0.836  0.667  0.539  0.000  0.117
  0.809  0.312  0.985  0.111  0.348  0.778  0.294  0.515  0.430  0.267
  0.877  0.257]
[2023-01-11 11:50:43.591801] app_config generated.
[2023-01-11 11:50:43.592467] 0: carrying out #36 repetition test...
[2023-01-11 11:50:43.592478] 0 - 36: deploying...
[2023-01-11 11:51:12.842551] 0 - 36: done.
[2023-01-11 11:51:12.842600] 0 - 36: setting ...
[2023-01-11 11:51:25.761736] 0 - 36: done.
[2023-01-11 11:51:35.611391] 0 - 36 - 0: testing...
[2023-01-11 11:55:04.489411] 0 - 36 - 0: done.
[2023-01-11 11:55:13.227081] 0 - 36: cleaning up config...
[2023-01-11 11:55:21.855350] 0 - 36: done.
Performance remained!
************train************
current_performance(tps, lat): 7715.096901617084 1883.6
default_performance(tps, lat): 18514.404206472635 1130.2
best_performance(tps, lat):    20761.533031599054 919.0
*****************************
$$$$$$$$$$$$$$$$$$$$$$
tps_reward: -2.488331231094257
lat_reward: -4.156221290359759
reward: -3.489065266653558
$$$$$$$$$$$$$$$$$$$$$$
action: [ 0.643  0.490  0.771  0.000  1.000  0.562  0.464  0.565  0.342  0.179
  1.000  0.352  0.428  0.207  0.417  0.811  0.427  0.648  0.867  0.493
  0.487  0.412  0.502  0.532  0.944  0.942  0.395  0.615  0.121  0.244
  0.837  0.260  0.697  0.000  0.323  0.569  0.521  0.818  0.152  0.569
  1.000  0.326]
[2023-01-11 11:55:21.874014] app_config generated.
[2023-01-11 11:55:21.874716] 0: carrying out #37 repetition test...
[2023-01-11 11:55:21.874726] 0 - 37: deploying...
[2023-01-11 11:55:53.409899] 0 - 37: done.
[2023-01-11 11:55:53.409948] 0 - 37: setting ...
[2023-01-11 11:56:05.171963] 0 - 37: done.
[2023-01-11 11:56:13.921075] 0 - 37 - 0: testing...
[2023-01-11 11:59:43.643145] 0 - 37 - 0: done.
[2023-01-11 11:59:52.363568] 0 - 37: cleaning up config...
[2023-01-11 12:00:00.936010] 0 - 37: done.
Performance remained!
************train************
current_performance(tps, lat): 7795.08286173082 1827.4
default_performance(tps, lat): 18514.404206472635 1130.2
best_performance(tps, lat):    20761.533031599054 919.0
*****************************
$$$$$$$$$$$$$$$$$$$$$$
tps_reward: -2.4603740098728757
lat_reward: -3.661848505405095
reward: -3.181258707192207
$$$$$$$$$$$$$$$$$$$$$$
action: [ 0.580  0.732  0.813  0.036  1.000  0.819  0.395  0.863  0.478  0.492
  1.000  0.218  0.272  0.234  0.529  0.922  0.037  0.832  0.622  0.492
  0.673  0.826  0.179  0.782  0.637  0.522  0.481  0.898  0.000  0.414
  0.608  0.000  0.661  0.008  0.294  0.929  0.785  0.658  0.200  0.456
  0.970  0.168]
[2023-01-11 12:00:00.954528] app_config generated.
[2023-01-11 12:00:00.955213] 0: carrying out #38 repetition test...
[2023-01-11 12:00:00.955224] 0 - 38: deploying...
[2023-01-11 12:00:31.257689] 0 - 38: done.
[2023-01-11 12:00:31.257728] 0 - 38: setting ...
[2023-01-11 12:00:42.992679] 0 - 38: done.
[2023-01-11 12:00:51.722831] 0 - 38 - 0: testing...
[2023-01-11 12:04:20.022738] 0 - 38 - 0: done.
[2023-01-11 12:04:29.816860] 0 - 38: cleaning up config...
[2023-01-11 12:04:38.398529] 0 - 38: done.
Performance remained!
************train************
current_performance(tps, lat): 7773.752701379064 1847.0
default_performance(tps, lat): 18514.404206472635 1130.2
best_performance(tps, lat):    20761.533031599054 919.0
*****************************
$$$$$$$$$$$$$$$$$$$$$$
tps_reward: -2.4678137946550787
lat_reward: -3.8303886243737812
reward: -3.2853586924863
$$$$$$$$$$$$$$$$$$$$$$
action: [ 0.792  1.000  0.479  0.179  0.744  0.819  0.355  0.790  0.681  0.324
  0.852  0.049  0.668  0.439  0.873  0.557  0.093  0.931  0.544  0.525
  0.391  0.562  0.041  0.979  0.359  0.465  0.393  1.000  0.333  0.401
  0.590  0.281  0.547  0.146  0.102  0.718  0.886  0.671  0.542  0.356
  0.798  0.233]
[2023-01-11 12:04:38.417088] app_config generated.
[2023-01-11 12:04:38.417741] 0: carrying out #39 repetition test...
[2023-01-11 12:04:38.417751] 0 - 39: deploying...
[2023-01-11 12:05:09.026925] 0 - 39: done.
[2023-01-11 12:05:09.026980] 0 - 39: setting ...
[2023-01-11 12:05:20.812324] 0 - 39: done.
[2023-01-11 12:05:30.581600] 0 - 39 - 0: testing...
[2023-01-11 12:09:00.952067] 0 - 39 - 0: done.
[2023-01-11 12:09:09.701543] 0 - 39: cleaning up config...
[2023-01-11 12:09:17.201648] 0 - 39: done.
Performance remained!
************train************
current_performance(tps, lat): 7851.635495673749 1811.0
default_performance(tps, lat): 18514.404206472635 1130.2
best_performance(tps, lat):    20761.533031599054 919.0
*****************************
$$$$$$$$$$$$$$$$$$$$$$
tps_reward: -2.4407040138981055
lat_reward: -3.523972342328869
reward: -3.090665010956563
$$$$$$$$$$$$$$$$$$$$$$
action: [ 0.772  0.988  0.576  0.290  0.660  0.756  0.183  0.898  0.584  0.331
  1.000  0.233  0.322  0.689  0.948  0.479  0.229  0.783  0.634  0.487
  0.731  0.398  0.112  0.931  0.680  0.344  0.533  0.413  0.334  0.490
  0.620  0.329  0.241  0.199  0.195  0.590  0.910  0.730  0.553  0.401
  1.000  0.188]
[2023-01-11 12:09:17.220651] app_config generated.
[2023-01-11 12:09:17.221318] 0: carrying out #40 repetition test...
[2023-01-11 12:09:17.221327] 0 - 40: deploying...
[2023-01-11 12:09:47.520345] 0 - 40: done.
[2023-01-11 12:09:47.520395] 0 - 40: setting ...
[2023-01-11 12:09:59.270091] 0 - 40: done.
[2023-01-11 12:10:09.064399] 0 - 40 - 0: testing...
[2023-01-11 12:13:34.917582] 0 - 40 - 0: done.
[2023-01-11 12:13:44.674766] 0 - 40: cleaning up config...
[2023-01-11 12:13:52.229628] 0 - 40: done.
Performance remained!
************train************
current_performance(tps, lat): 7961.149590000796 1792.8
default_performance(tps, lat): 18514.404206472635 1130.2
best_performance(tps, lat):    20761.533031599054 919.0
*****************************
$$$$$$$$$$$$$$$$$$$$$$
tps_reward: -2.402840153914141
lat_reward: -3.3742870638451095
reward: -2.985708299872722
$$$$$$$$$$$$$$$$$$$$$$
action: [ 0.713  0.731  0.184  0.092  0.617  0.940  0.061  0.800  0.971  0.311
  1.000  0.610  0.000  0.748  0.904  0.347  0.230  0.649  0.699  0.461
  0.532  0.289  0.000  1.000  0.457  0.432  0.463  0.182  0.377  0.270
  0.619  0.066  0.081  0.000  0.000  0.436  0.885  0.974  0.561  0.457
  1.000  0.000]
[2023-01-11 12:13:52.248673] app_config generated.
[2023-01-11 12:13:52.249373] 0: carrying out #41 repetition test...
[2023-01-11 12:13:52.249383] 0 - 41: deploying...
[2023-01-11 12:14:24.830053] 0 - 41: done.
[2023-01-11 12:14:24.830110] 0 - 41: setting ...
[2023-01-11 12:14:36.686671] 0 - 41: done.
[2023-01-11 12:14:46.504484] 0 - 41 - 0: testing...
[2023-01-11 12:18:17.082172] 0 - 41 - 0: done.
[2023-01-11 12:18:27.837226] 0 - 41: cleaning up config...
[2023-01-11 12:18:35.360140] 0 - 41: done.
Performance remained!
************train************
current_performance(tps, lat): 7699.059174968819 1865.0
default_performance(tps, lat): 18514.404206472635 1130.2
best_performance(tps, lat):    20761.533031599054 919.0
*****************************
$$$$$$$$$$$$$$$$$$$$$$
tps_reward: -2.4939561509983053
lat_reward: -3.988813650172279
reward: -3.3908706505026895
$$$$$$$$$$$$$$$$$$$$$$
action: [ 0.663  0.635  0.287  0.000  0.475  0.872  0.112  0.967  1.000  0.457
  1.000  0.628  0.000  0.445  1.000  0.480  0.250  0.784  0.553  0.781
  0.610  0.624  0.056  1.000  0.414  0.329  0.314  0.000  0.459  0.320
  0.804  0.380  0.417  0.000  0.042  0.305  0.400  0.871  0.476  0.262
  1.000  0.087]
[2023-01-11 12:18:35.379467] app_config generated.
[2023-01-11 12:18:35.380160] 0: carrying out #42 repetition test...
[2023-01-11 12:18:35.380170] 0 - 42: deploying...
[2023-01-11 12:19:05.825930] 0 - 42: done.
[2023-01-11 12:19:05.825968] 0 - 42: setting ...
[2023-01-11 12:19:19.700571] 0 - 42: done.
[2023-01-11 12:19:28.387886] 0 - 42 - 0: testing...
[2023-01-11 12:22:56.824766] 0 - 42 - 0: done.
[2023-01-11 12:23:05.616950] 0 - 42: cleaning up config...
[2023-01-11 12:23:13.183258] 0 - 42: done.
Performance remained!
************train************
current_performance(tps, lat): 7825.828363932323 1815.4
default_performance(tps, lat): 18514.404206472635 1130.2
best_performance(tps, lat):    20761.533031599054 919.0
*****************************
$$$$$$$$$$$$$$$$$$$$$$
tps_reward: -2.449670265683814
lat_reward: -3.560683672365812
reward: -3.116278309693013
$$$$$$$$$$$$$$$$$$$$$$
action: [ 0.453  0.377  0.316  0.000  0.240  0.829  0.382  0.969  0.859  0.692
  1.000  0.447  0.135  0.676  1.000  0.232  0.310  0.430  0.498  0.820
  0.873  0.817  0.000  1.000  0.312  0.452  0.495  0.533  0.559  0.196
  0.921  0.248  0.110  0.000  0.180  0.301  0.680  0.616  0.130  0.234
  1.000  0.265]
[2023-01-11 12:23:13.201851] app_config generated.
[2023-01-11 12:23:13.202545] 0: carrying out #43 repetition test...
[2023-01-11 12:23:13.202555] 0 - 43: deploying...
[2023-01-11 12:23:44.770796] 0 - 43: done.
[2023-01-11 12:23:44.770841] 0 - 43: setting ...
[2023-01-11 12:23:57.641500] 0 - 43: done.
[2023-01-11 12:24:08.410289] 0 - 43 - 0: testing...
[2023-01-11 12:25:38.479628] 0 - 43 - 0: done.
[2023-01-11 12:25:47.983798] 0 - 43: cleaning up config...
[2023-01-11 12:25:55.471866] 0 - 43: done.
Performance remained!
************train************
current_performance(tps, lat): 18530.872433474167 1150.6
default_performance(tps, lat): 18514.404206472635 1130.2
best_performance(tps, lat):    20761.533031599054 919.0
*****************************
$$$$$$$$$$$$$$$$$$$$$$
tps_reward: 0
lat_reward: -0.05202495077315756
reward: -0.031214970463894536
$$$$$$$$$$$$$$$$$$$$$$
action: [ 0.708  0.314  0.160  0.000  0.098  0.601  0.222  0.902  1.000  0.626
  1.000  0.618  0.216  0.487  0.709  0.101  0.454  0.500  0.211  0.811
  0.610  0.630  0.124  1.000  0.511  0.599  0.544  0.530  0.434  0.000
  0.713  0.077  0.445  0.000  0.055  0.529  0.238  0.512  0.298  0.574
  1.000  0.793]
[2023-01-11 12:25:55.491027] app_config generated.
[2023-01-11 12:25:55.491761] 0: carrying out #44 repetition test...
[2023-01-11 12:25:55.491772] 0 - 44: deploying...
[2023-01-11 12:26:24.863388] 0 - 44: done.
[2023-01-11 12:26:24.863457] 0 - 44: setting ...
[2023-01-11 12:26:37.731355] 0 - 44: done.
[2023-01-11 12:26:47.447682] 0 - 44 - 0: testing...
[2023-01-11 12:28:14.193550] 0 - 44 - 0: done.
[2023-01-11 12:28:23.733725] 0 - 44: cleaning up config...
[2023-01-11 12:28:32.326794] 0 - 44: done.
Performance remained!
************train************
current_performance(tps, lat): 19605.53660353684 1042.8
default_performance(tps, lat): 18514.404206472635 1130.2
best_performance(tps, lat):    20761.533031599054 919.0
*****************************
$$$$$$$$$$$$$$$$$$$$$$
tps_reward: 0
lat_reward: 0
reward: 0.0
$$$$$$$$$$$$$$$$$$$$$$
action: [ 0.954  0.367  0.106  0.000  0.464  0.829  0.016  0.843  1.000  0.505
  1.000  0.449  0.164  0.427  0.918  0.190  0.616  0.468  0.687  1.000
  0.506  0.648  0.000  1.000  0.615  0.879  0.677  0.919  0.214  0.000
  0.457  0.302  0.437  0.000  0.308  0.653  0.202  0.399  0.258  0.585
  1.000  0.695]
[2023-01-11 12:28:32.345504] app_config generated.
[2023-01-11 12:28:32.346182] 0: carrying out #45 repetition test...
[2023-01-11 12:28:32.346193] 0 - 45: deploying...
[2023-01-11 12:29:02.805606] 0 - 45: done.
[2023-01-11 12:29:02.805651] 0 - 45: setting ...
[2023-01-11 12:29:14.560016] 0 - 45: done.
[2023-01-11 12:29:25.298004] 0 - 45 - 0: testing...
[2023-01-11 12:32:57.265996] 0 - 45 - 0: done.
[2023-01-11 12:33:07.044722] 0 - 45: cleaning up config...
[2023-01-11 12:33:14.642211] 0 - 45: done.
Performance remained!
************train************
current_performance(tps, lat): 7640.236541723331 1900.0
default_performance(tps, lat): 18514.404206472635 1130.2
best_performance(tps, lat):    20761.533031599054 919.0
*****************************
$$$$$$$$$$$$$$$$$$$$$$
tps_reward: -2.514642341074444
lat_reward: -4.306978840028447
reward: -3.5900442404468453
$$$$$$$$$$$$$$$$$$$$$$
action: [ 0.961  0.505  0.260  0.000  0.056  0.612  0.280  1.000  1.000  0.439
  1.000  0.538  0.547  0.126  1.000  0.476  0.613  0.217  0.782  0.820
  0.316  0.219  0.028  0.989  0.867  0.765  0.846  0.559  0.138  0.000
  0.716  0.133  0.369  0.084  0.599  0.940  0.193  0.610  0.055  0.402
  1.000  0.638]
[2023-01-11 12:33:14.661386] app_config generated.
[2023-01-11 12:33:14.662112] 0: carrying out #46 repetition test...
[2023-01-11 12:33:14.662122] 0 - 46: deploying...
[2023-01-11 12:33:46.169066] 0 - 46: done.
[2023-01-11 12:33:46.169115] 0 - 46: setting ...
[2023-01-11 12:33:58.987257] 0 - 46: done.
[2023-01-11 12:34:07.719166] 0 - 46 - 0: testing...
[2023-01-11 12:37:35.484610] 0 - 46 - 0: done.
[2023-01-11 12:37:44.288062] 0 - 46: cleaning up config...
[2023-01-11 12:37:51.861378] 0 - 46: done.
Performance remained!
************train************
current_performance(tps, lat): 7924.683805116176 1788.0
default_performance(tps, lat): 18514.404206472635 1130.2
best_performance(tps, lat):    20761.533031599054 919.0
*****************************
$$$$$$$$$$$$$$$$$$$$$$
tps_reward: -2.415414775167846
lat_reward: -3.335388087030322
reward: -2.967398762285332
$$$$$$$$$$$$$$$$$$$$$$
action: [ 1.000  0.483  0.861  0.000  0.495  0.541  0.825  1.000  1.000  0.389
  1.000  0.491  0.399  0.317  0.922  0.492  0.777  0.513  0.347  0.591
  0.066  0.237  0.015  1.000  1.000  0.299  0.847  0.821  0.000  0.000
  0.711  0.004  0.081  0.080  0.811  0.738  0.000  0.639  0.238  0.464
  1.000  0.660]
[2023-01-11 12:37:51.880061] app_config generated.
[2023-01-11 12:37:51.880730] 0: carrying out #47 repetition test...
[2023-01-11 12:37:51.880740] 0 - 47: deploying...
[2023-01-11 12:38:24.474928] 0 - 47: done.
[2023-01-11 12:38:24.474969] 0 - 47: setting ...
[2023-01-11 12:38:36.199461] 0 - 47: done.
[2023-01-11 12:38:46.954097] 0 - 47 - 0: testing...
[2023-01-11 12:40:13.631434] 0 - 47 - 0: done.
[2023-01-11 12:40:22.126367] 0 - 47: cleaning up config...
[2023-01-11 12:40:29.714361] 0 - 47: done.
Performance remained!
************train************
current_performance(tps, lat): 20447.3888684415 955.0
default_performance(tps, lat): 18514.404206472635 1130.2
best_performance(tps, lat):    20761.533031599054 919.0
*****************************
$$$$$$$$$$$$$$$$$$$$$$
tps_reward: 0
lat_reward: 0
reward: 0.0
$$$$$$$$$$$$$$$$$$$$$$
------------------- Testing Finished -----------------------
Knobs are saved at: test_knob/cassandra/eval_ddpg_1673425876.pkl
Proposal Knob At 22
best_performance(tps, lat):  20761.533031599054 919.0
--------------------------------------------------
--------------------------------------------------
[0.095707006752491, 0.09579573571681976, 0.09566131234169006, 0.09567070752382278, 0.09570153057575226, 0.09570702165365219, 0.09585762023925781, 0.095699243247509, 0.0957525297999382, 0.09583360701799393, 0.09559989720582962, 0.09571151435375214, 0.09572825580835342, 0.0956222265958786, 0.09565093368291855, 0.09576648473739624, 0.09564770013093948, 0.09570880979299545, 0.0957663282752037, 0.09571667015552521, 0.09575528651475906, 0.09574581682682037, 0.09575621038675308, 0.09575258940458298, 0.09574823826551437, 0.0957903042435646, 0.09570127725601196, 0.09575233608484268, 0.09581200033426285, 0.09576758742332458, 0.09581887722015381, 0.09572437405586243, 0.09574177861213684, 0.09581200778484344, 0.09580393880605698, 0.09573265165090561, 0.09566036611795425, 0.09579771757125854, 0.0957242101430893, 0.09570930898189545, 0.09579961001873016, 0.09574677050113678, 0.09567740559577942, 0.09568646550178528, 0.09576866030693054, 0.09580538421869278, 0.09576032310724258]
[-3.715307129175077, -3.2150301609182814, 0.0, -3.24970183941295, -3.9405914831083857, -3.2622397005210164, -3.81581449169674, -3.435804464017474, -3.4073229331189134, -3.3034163052833523, -3.4408981509559364, -3.101596362978987, -3.4714724677134035, -3.5076640232108973, -3.4596547696549727, -3.1634183247445016, -3.563569542722136, -3.4918578932513045, 0.0, 0.0, 0.0, 0.0, 0.0, -2.8879995602731294, -35.72890654208793, -34.982594409394295, -36.70547994091629, -33.93436914286398, -36.40743103004776, -35.50508001371483, 0.0, -33.06577958654888, 0.0, -2.8647606061118234, -3.407840179432937, -3.489065266653558, -3.181258707192207, -3.2853586924863, -3.090665010956563, -2.985708299872722, -3.3908706505026895, -3.116278309693013, -0.031214970463894536, 0.0, -3.5900442404468453, -2.967398762285332, 0.0]
